\BOOKMARK [0][-]{dummy.1}{\376\377\003\240\003\265\003\301\003\257\003\273\003\267\003\310\003\267}{}% 1
\BOOKMARK [0][-]{dummy.2}{\376\377\000A\000b\000s\000t\000r\000a\000c\000t}{}% 2
\BOOKMARK [0][-]{dummy.3}{\376\377\003\225\003\305\003\307\003\261\003\301\003\271\003\303\003\304\003\257\003\265\003\302}{}% 3
\BOOKMARK [0][-]{chapter.8}{\376\377\0001\000\040\003\225\003\271\003\303\003\261\003\263\003\311\003\263\003\256}{}% 4
\BOOKMARK [1][-]{section.9}{\376\377\0001\000.\0001\000\040\003\231\003\303\003\304\003\277\003\301\003\271\003\272\003\256\000\040\003\261\003\275\003\261\003\264\003\301\003\277\003\274\003\256\000\040\003\303\003\304\003\277\000\040\003\224\003\271\003\261\003\264\003\257\003\272\003\304\003\305\003\277\000\040\003\304\003\311\003\275\000\040\003\261\003\275\003\304\003\271\003\272\003\265\003\271\003\274\003\255\003\275\003\311\003\275}{chapter.8}% 5
\BOOKMARK [1][-]{section.10}{\376\377\0001\000.\0002\000\040\003\221\003\275\003\304\003\271\003\272\003\265\003\257\003\274\003\265\003\275\003\277\000\040\003\304\003\267\003\302\000\040\003\265\003\301\003\263\003\261\003\303\003\257\003\261\003\302}{chapter.8}% 6
\BOOKMARK [1][-]{section.11}{\376\377\0001\000.\0003\000\040\003\224\003\277\003\274\003\256\000\040\003\304\003\267\003\302\000\040\003\265\003\301\003\263\003\261\003\303\003\257\003\261\003\302}{chapter.8}% 7
\BOOKMARK [0][-]{chapter.12}{\376\377\0002\000\040\003\244\003\277\000\040\003\264\003\271\003\261\003\264\003\257\003\272\003\304\003\305\003\277\000\040\003\304\003\311\003\275\000\040\003\261\003\275\003\304\003\271\003\272\003\265\003\271\003\274\003\255\003\275\003\311\003\275}{}% 8
\BOOKMARK [1][-]{section.13}{\376\377\0002\000.\0001\000\040\003\223\003\265\003\275\003\271\003\272\003\254}{chapter.12}% 9
\BOOKMARK [1][-]{section.15}{\376\377\0002\000.\0002\000\040\003\227\000\040\003\272\003\261\003\304\003\254\003\303\003\304\003\261\003\303\003\267\000\040\003\274\003\255\003\307\003\301\003\271\000\040\003\303\003\256\003\274\003\265\003\301\003\261}{chapter.12}% 10
\BOOKMARK [1][-]{section.25}{\376\377\0002\000.\0003\000\040\003\240\003\301\003\314\003\304\003\305\003\300\003\261\000\040\003\272\003\261\003\271\000\040\003\300\003\301\003\311\003\304\003\314\003\272\003\277\003\273\003\273\003\261\000\040\003\231\003\277\003\244}{chapter.12}% 11
\BOOKMARK [2][-]{subsection.26}{\376\377\0002\000.\0003\000.\0001\000\040\003\227\000\040\003\261\003\301\003\307\003\271\003\304\003\265\003\272\003\304\003\277\003\275\003\271\003\272\003\256\000\040\000R\000E\000S\000T}{section.25}% 12
\BOOKMARK [2][-]{subsection.27}{\376\377\0002\000.\0003\000.\0002\000\040\003\244\003\261\000\040\003\300\003\301\003\311\003\304\003\314\003\272\003\277\003\273\003\273\003\261\000\040\000H\000T\000T\000P\000\040\000-\000\040\000C\000o\000A\000P}{section.25}% 13
\BOOKMARK [2][-]{subsection.33}{\376\377\0002\000.\0003\000.\0003\000\040\003\244\003\277\000\040\003\300\003\301\003\311\003\304\003\314\003\272\003\277\003\273\003\273\003\277\000\040\000M\000Q\000T\000T}{section.25}% 14
\BOOKMARK [0][-]{chapter.38}{\376\377\0003\000\040\003\244\003\277\000\040\003\300\003\301\003\311\003\304\003\314\003\272\003\277\003\273\003\273\003\277\000\040\000L\000w\000M\0002\000M\000\040}{}% 15
\BOOKMARK [1][-]{section.39}{\376\377\0003\000.\0001\000\040\003\223\003\265\003\275\003\271\003\272\003\254}{chapter.38}% 16
\BOOKMARK [1][-]{section.44}{\376\377\0003\000.\0002\000\040\003\240\003\265\003\301\003\271\003\263\003\301\003\261\003\306\003\256\000\040\003\304\003\311\003\275\000\040\003\274\003\267\003\307\003\261\003\275\003\271\003\303\003\274\003\316\003\275\000\040\003\304\003\277\003\305\000\040\000L\000w\000M\0002\000M}{chapter.38}% 17
\BOOKMARK [1][-]{section.58}{\376\377\0003\000.\0003\000\040\003\240\003\273\003\265\003\277\003\275\003\265\003\272\003\304\003\256\003\274\003\261\003\304\003\261\000\040\003\304\003\277\003\305\000\040\000L\000w\000M\0002\000M}{chapter.38}% 18
\BOOKMARK [0][-]{chapter.59}{\376\377\0004\000\040\003\221\003\275\003\254\003\300\003\304\003\305\003\276\003\267\000\040\003\273\003\277\003\263\003\271\003\303\003\274\003\271\003\272\003\277\003\315\000\040\003\274\003\265\000\040\003\304\003\267\003\275\000\040\003\300\003\301\003\277\003\303\003\255\003\263\003\263\003\271\003\303\003\267\000\040\003\303\003\305\003\275\003\271\003\303\003\304\003\311\003\303\003\316\003\275\000\040}{}% 19
\BOOKMARK [1][-]{section.60}{\376\377\0004\000.\0001\000\040\003\225\003\271\003\303\003\261\003\263\003\311\003\263\003\256}{chapter.59}% 20
\BOOKMARK [1][-]{section.61}{\376\377\0004\000.\0002\000\040\003\227\000\040\003\300\003\301\003\277\003\303\003\255\003\263\003\263\003\271\003\303\003\267\000\040\003\304\003\311\003\275\000\040\003\303\003\305\003\275\003\271\003\303\003\304\003\311\003\303\003\316\003\275}{chapter.59}% 21
\BOOKMARK [2][-]{subsection.62}{\376\377\0004\000.\0002\000.\0001\000\040\003\223\003\265\003\275\003\271\003\272\003\255\003\302\000\040\003\300\003\273\003\267\003\301\003\277\003\306\003\277\003\301\003\257\003\265\003\302\000\040\003\272\003\261\003\271\000\040\003\262\003\261\003\303\003\271\003\272\003\255\003\302\000\040\003\255\003\275\003\275\003\277\003\271\003\265\003\302}{section.61}% 22
\BOOKMARK [2][-]{subsection.64}{\376\377\0004\000.\0002\000.\0002\000\040\003\237\003\275\003\304\003\314\003\304\003\267\003\304\003\265\003\302\000\040\003\233\003\277\003\263\003\271\003\303\003\274\003\271\003\272\003\277\003\315}{section.61}% 23
\BOOKMARK [3][-]{subsubsection.65}{\376\377\0004\000.\0002\000.\0002\000.\0001\000\040\000C\000o\000m\000p\000o\000n\000e\000n\000t}{subsection.64}% 24
\BOOKMARK [3][-]{subsubsection.69}{\376\377\0004\000.\0002\000.\0002\000.\0002\000\040\000I\000n\000t\000e\000r\000f\000a\000c\000e}{subsection.64}% 25
\BOOKMARK [3][-]{subsubsection.70}{\376\377\0004\000.\0002\000.\0002\000.\0003\000\040\000C\000o\000n\000t\000a\000i\000n\000e\000r}{subsection.64}% 26
\BOOKMARK [3][-]{subsubsection.71}{\376\377\0004\000.\0002\000.\0002\000.\0004\000\040\000C\000o\000n\000n\000e\000c\000t\000o\000r}{subsection.64}% 27
\BOOKMARK [2][-]{subsection.73}{\376\377\0004\000.\0002\000.\0003\000\040\003\243\003\304\003\314\003\307\003\277\003\271\000\040\003\304\003\267\003\302\000\040\000C\000B\000S\000D\000\040\003\300\003\301\003\277\003\303\003\255\003\263\003\263\003\271\003\303\003\267\003\302}{section.61}% 28
\BOOKMARK [2][-]{subsection.74}{\376\377\0004\000.\0002\000.\0004\000\040\003\223\003\271\003\261\003\304\003\257\000\040\003\261\003\275\003\254\003\300\003\304\003\305\003\276\003\267\000\040\003\273\003\277\003\263\003\271\003\303\003\274\003\271\003\272\003\277\003\315\000\040\003\274\003\265\000\040\003\303\003\305\003\275\003\271\003\303\003\304\003\316\003\303\003\265\003\302}{section.61}% 29
\BOOKMARK [2][-]{subsection.75}{\376\377\0004\000.\0002\000.\0005\000\040\003\240\003\273\003\265\003\277\003\275\003\265\003\272\003\304\003\256\003\274\003\261\003\304\003\261\000\040\003\304\003\267\003\302\000\040\000C\000B\000S\000D\000\040\003\303\003\265\000\040\003\303\003\315\003\263\003\272\003\301\003\271\003\303\003\267\000\040\003\274\003\265\000\040\003\300\003\261\003\301\003\261\003\264\003\277\003\303\003\271\003\261\003\272\003\255\003\302\000\040\003\304\003\265\003\307\003\275\003\271\003\272\003\255\003\302\000\040\003\261\003\275\003\254\003\300\003\304\003\305\003\276\003\267\003\302}{section.61}% 30
\BOOKMARK [1][-]{section.76}{\376\377\0004\000.\0003\000\040\000O\000p\000e\000n\000\040\000S\000e\000r\000v\000i\000c\000e\000s\000\040\000G\000a\000t\000e\000w\000a\000y\000\040\000i\000n\000i\000t\000i\000a\000t\000i\000v\000e\000\040\000\050\000O\000S\000G\000i\000\051}{chapter.59}% 31
\BOOKMARK [2][-]{subsection.77}{\376\377\0004\000.\0003\000.\0001\000\040\003\223\003\265\003\275\003\271\003\272\003\254}{section.76}% 32
\BOOKMARK [2][-]{subsection.78}{\376\377\0004\000.\0003\000.\0002\000\040\003\227\000\040\003\261\003\301\003\307\003\271\003\304\003\265\003\272\003\304\003\277\003\275\003\271\003\272\003\256\000\040\003\304\003\277\003\305\000\040\000O\000S\000G\000i}{section.76}% 33
\BOOKMARK [2][-]{subsection.81}{\376\377\0004\000.\0003\000.\0003\000\040\003\240\003\273\003\265\003\277\003\275\003\265\003\272\003\304\003\256\003\274\003\261\003\304\003\261\000\040\003\304\003\277\003\305\000\040\000O\000S\000G\000i}{section.76}% 34
\BOOKMARK [2][-]{subsection.82}{\376\377\0004\000.\0003\000.\0004\000\040\003\245\003\273\003\277\003\300\003\277\003\271\003\256\003\303\003\265\003\271\003\302\000\040\003\304\003\277\003\305\000\040\000O\000S\000G\000i}{section.76}% 35
\BOOKMARK [0][-]{chapter.84}{\376\377\0005\000\040\003\244\003\277\000\040\000L\000i\000q\000u\000e\000u\000r\000\040\000P\000l\000a\000n\000t\000\040\003\243\003\315\003\303\003\304\003\267\003\274\003\261\000\040\003\240\003\261\003\301\003\261\003\263\003\311\003\263\003\256\003\302}{}% 36
\BOOKMARK [0][-]{chapter.86}{\376\377\0006\000\040\003\243\003\307\003\265\003\264\003\271\003\261\003\303\003\274\003\314\003\302\000\040\003\304\003\277\003\305\000\040\003\303\003\305\003\303\003\304\003\256\003\274\003\261\003\304\003\277\003\302}{}% 37
\BOOKMARK [1][-]{section.87}{\376\377\0006\000.\0001\000\040\003\225\003\271\003\303\003\261\003\263\003\311\003\263\003\256}{chapter.86}% 38
\BOOKMARK [1][-]{section.88}{\376\377\0006\000.\0002\000\040\003\243\003\307\003\265\003\264\003\271\003\261\003\303\003\274\003\314\003\302\000\040\003\304\003\277\003\305\000\040\000A\000P\000I\000\040\003\304\003\277\003\305\000\040\000I\000n\000d\000u\000s\000t\000r\000i\000a\000l\000\040\000A\000u\000t\000o\000m\000a\000t\000i\000o\000n\000\040\000T\000h\000i\000n\000g}{chapter.86}% 39
\BOOKMARK [1][-]{section.89}{\376\377\0006\000.\0003\000\040\003\240\003\265\003\301\003\271\003\263\003\301\003\261\003\306\003\256\000\040\003\304\003\311\003\275\000\040\000L\000w\000M\0002\000M\000\040\000o\000b\000j\000e\000c\000t\000s\000\040\003\272\003\261\003\271\000\040\000r\000e\000s\000o\000u\000r\000c\000e\000s}{chapter.86}% 40
\BOOKMARK [1][-]{section.91}{\376\377\0006\000.\0004\000\040\003\221\003\301\003\307\003\271\003\304\003\265\003\272\003\304\003\277\003\275\003\271\003\272\003\314\003\302\000\040\003\303\003\307\003\265\003\264\003\271\003\261\003\303\003\274\003\314\003\302\000\040\003\304\003\277\003\305\000\040\003\303\003\305\003\303\003\304\003\256\003\274\003\261\003\304\003\277\003\302\000\040\003\265\003\273\003\255\003\263\003\307\003\277\003\305\000\040\003\304\003\277\003\305\000\040\003\303\003\271\003\273\003\314}{chapter.86}% 41
\BOOKMARK [1][-]{section.93}{\376\377\0006\000.\0005\000\040\003\224\003\277\003\274\003\256\000\040\003\304\003\311\003\275\000\040\003\303\003\271\003\273\003\314}{chapter.86}% 42
\BOOKMARK [1][-]{section.99}{\376\377\0006\000.\0006\000\040\003\243\003\305\003\274\003\300\003\265\003\301\003\271\003\306\003\277\003\301\003\254\000\040\003\304\003\277\003\305\000\040\003\303\003\305\003\303\003\304\003\256\003\274\003\261\003\304\003\277\003\302\000\040\003\265\003\273\003\255\003\263\003\307\003\277\003\305}{chapter.86}% 43
\BOOKMARK [0][-]{chapter.104}{\376\377\0007\000\040\003\245\003\273\003\277\003\300\003\277\003\257\003\267\003\303\003\267\000\040\003\304\003\277\003\305\000\040\003\303\003\305\003\303\003\304\003\256\003\274\003\261\003\304\003\277\003\302}{}% 44
\BOOKMARK [1][-]{section.105}{\376\377\0007\000.\0001\000\040\003\223\003\265\003\275\003\271\003\272\003\254}{chapter.104}% 45
\BOOKMARK [1][-]{section.106}{\376\377\0007\000.\0002\000\040\003\237\003\271\000\040\003\303\003\305\003\275\003\271\003\303\003\304\003\316\003\303\003\265\003\302\000\040\003\304\003\277\003\305\000\040\003\303\003\305\003\303\003\304\003\256\003\274\003\261\003\304\003\277\003\302\000\040\003\265\003\273\003\255\003\263\003\307\003\277\003\305}{chapter.104}% 46
\BOOKMARK [1][-]{section.108}{\376\377\0007\000.\0003\000\040\003\221\003\275\003\254\003\273\003\305\003\303\003\267\000\040\003\304\003\311\003\275\000\040\003\303\003\305\003\275\003\271\003\303\003\304\003\311\003\303\003\316\003\275\000\040\003\304\003\277\003\305\000\040\003\303\003\305\003\303\003\304\003\256\003\274\003\261\003\304\003\277\003\302\000\040\003\265\003\273\003\255\003\263\003\307\003\277\003\305}{chapter.104}% 47
\BOOKMARK [2][-]{subsection.109}{\376\377\0007\000.\0003\000.\0001\000\040\003\237\003\271\000\040\003\303\003\305\003\275\003\271\003\303\003\304\003\316\003\303\003\265\003\302\000\040\003\304\003\311\003\275\000\040\000d\000r\000i\000v\000e\000r\000s\000\040\003\304\003\277\003\305\000\040\003\303\003\271\003\273\003\314}{section.108}% 48
\BOOKMARK [3][-]{subsubsection.111}{\376\377\0007\000.\0003\000.\0001\000.\0001\000\040\003\243\003\305\003\275\003\271\003\303\003\304\003\316\003\303\003\265\003\302\000\040\003\262\003\261\003\273\003\262\003\257\003\264\003\311\003\275\000\040\003\304\003\277\003\305\000\040\003\303\003\271\003\273\003\314}{subsection.109}% 49
\BOOKMARK [3][-]{subsubsection.139}{\376\377\0007\000.\0003\000.\0001\000.\0002\000\040\003\243\003\305\003\275\003\271\003\303\003\304\003\316\003\303\003\265\003\302\000\040\003\303\003\304\003\277\003\271\003\307\003\265\003\257\003\311\003\275\000\040\003\270\003\255\003\301\003\274\003\261\003\275\003\303\003\267\003\302\000\040\003\272\003\261\003\271\000\040\003\274\003\257\003\276\003\267\003\302\000\040\003\304\003\277\003\305\000\040\003\303\003\271\003\273\003\314}{subsection.109}% 50
\BOOKMARK [3][-]{subsubsection.149}{\376\377\0007\000.\0003\000.\0001\000.\0003\000\040\003\243\003\305\003\275\003\271\003\303\003\304\003\316\003\303\003\261\000\040\003\304\003\277\003\305\000\040\000d\000r\000i\000v\000e\000r\000\040\003\304\003\277\003\305\000\040\003\303\003\271\003\273\003\314}{subsection.109}% 51
\BOOKMARK [3][-]{subsubsection.194}{\376\377\0007\000.\0003\000.\0001\000.\0004\000\040\003\243\003\305\003\275\003\271\003\303\003\304\003\316\003\303\003\261\000\040\003\304\003\277\003\305\000\040\000c\000o\000n\000t\000r\000o\000l\000l\000e\000r\000\040\003\304\003\277\003\305\000\040\003\303\003\271\003\273\003\314}{subsection.109}% 52
\BOOKMARK [3][-]{subsubsection.202}{\376\377\0007\000.\0003\000.\0001\000.\0005\000\040\003\237\000\040\000L\000w\000M\0002\000M\000\040\000c\000l\000i\000e\000n\000t\000\040\003\304\003\277\003\305\000\040\003\303\003\271\003\273\003\314}{subsection.109}% 53
\BOOKMARK [1][-]{section.203}{\376\377\0007\000.\0004\000\040\003\227\000\040\003\300\003\265\003\271\003\301\003\261\003\274\003\261\003\304\003\271\003\272\003\256\000\040\003\264\003\271\003\254\003\304\003\261\003\276\003\267}{chapter.104}% 54
\BOOKMARK [0][-]{chapter.207}{\376\377\0008\000\040\000\040\003\243\003\305\003\274\003\300\003\265\003\301\003\254\003\303\003\274\003\261\003\304\003\261\000\040\003\272\003\261\003\271\000\040\003\274\003\265\003\273\003\273\003\277\003\275\003\304\003\271\003\272\003\256\000\040\003\265\003\301\003\263\003\261\003\303\003\257\003\261}{}% 55
\BOOKMARK [1][-]{section.208}{\376\377\0008\000.\0001\000\040\003\243\003\305\003\274\003\300\003\265\003\301\003\254\003\303\003\274\003\261\003\304\003\261}{chapter.207}% 56
\BOOKMARK [1][-]{section.209}{\376\377\0008\000.\0002\000\040\003\240\003\301\003\277\003\304\003\254\003\303\003\265\003\271\003\302\000\040\003\263\003\271\003\261\000\040\003\274\003\265\003\273\003\273\003\277\003\275\003\304\003\271\003\272\003\256\000\040\003\265\003\301\003\263\003\261\003\303\003\257\003\261}{chapter.207}% 57
\BOOKMARK [0][-]{dummy.211}{\376\377\003\221\003\275\003\261\003\306\003\277\003\301\003\255\003\302}{}% 58
\BOOKMARK [0][-]{dummy.213}{\376\377\003\240\003\261\003\301\003\254\003\301\003\304\003\267\003\274\003\261\000\040\003\221\000:\000\040\003\240\003\267\003\263\003\261\003\257\003\277\003\302\000\040\003\232\003\316\003\264\003\271\003\272\003\261\003\302}{}% 59
