This is XeTeX, Version 3.14159265-2.6-0.99998 (TeX Live 2017/Debian) (preloaded format=xelatex 2018.6.18)  23 JUN 2018 12:49
entering extended mode
 restricted \write18 enabled.
 %&-line parsing enabled.
**titlepage2.tex
(./titlepage2.tex
LaTeX2e <2017-04-15>
Babel <3.18> and hyphenation patterns for 84 language(s) loaded.

! LaTeX Error: Environment titlepage undefined.

See the LaTeX manual or LaTeX Companion for explanation.
Type  H <return>  for immediate help.
 ...                                              
                                                  
l.1 \begin{titlepage}
                     
Your command was ignored.
Type  I <command> <return>  to replace it with another command,
or  <return>  to continue without it.


! LaTeX Error: Missing \begin{document}.

See the LaTeX manual or LaTeX Companion for explanation.
Type  H <return>  for immediate help.
 ...                                              
                                                  
l.6   \begin{minipage}[c]{.2\linewidth}
                                       
You're in trouble here.  Try typing  <return>  to proceed.
If that doesn't work, type  X <return>  to quit.

! Undefined control sequence.
l.8     \includegraphics
                        [width=1\linewidth ]{Figures/UPlogo.jpg}
The control sequence at the end of the top line
of your error message was never \def'ed. If you have
misspelled it (e.g., `\hobx'), type `I' and the correct
spelling (e.g., `I\hbox'). Otherwise just continue,
and I'll forget about whatever was undefined.

Missing character: There is no [ in font nullfont!
Missing character: There is no w in font nullfont!
Missing character: There is no i in font nullfont!
Missing character: There is no d in font nullfont!
Missing character: There is no t in font nullfont!
Missing character: There is no h in font nullfont!
Missing character: There is no = in font nullfont!
Missing character: There is no 1 in font nullfont!
! Missing number, treated as zero.
<to be read again> 
                   ]
l.8     \includegraphics[width=1\linewidth ]
                                            {Figures/UPlogo.jpg}
A number should have been here; I inserted `0'.
(If you can't figure out why I needed to see a number,
look up `weird error' in the index to The TeXbook.)

! Illegal unit of measure (pt inserted).
<to be read again> 
                   ]
l.8     \includegraphics[width=1\linewidth ]
                                            {Figures/UPlogo.jpg}
Dimensions can be in units of em, ex, in, pt, pc,
cm, mm, dd, cc, bp, or sp; but yours is a new one!
I'll assume that you meant to say pt, for printer's points.
To recover gracefully from this error, it's best to
delete the erroneous units; e.g., type `2' to delete
two letters. (See Chapter 27 of The TeXbook.)

Missing character: There is no ] in font nullfont!
Missing character: There is no F in font nullfont!
Missing character: There is no i in font nullfont!
Missing character: There is no g in font nullfont!
Missing character: There is no u in font nullfont!
Missing character: There is no r in font nullfont!
Missing character: There is no e in font nullfont!
Missing character: There is no s in font nullfont!
Missing character: There is no / in font nullfont!
Missing character: There is no U in font nullfont!
Missing character: There is no P in font nullfont!
Missing character: There is no l in font nullfont!
Missing character: There is no o in font nullfont!
Missing character: There is no g in font nullfont!
Missing character: There is no o in font nullfont!
Missing character: There is no . in font nullfont!
Missing character: There is no j in font nullfont!
Missing character: There is no p in font nullfont!
Missing character: There is no g in font nullfont!
LaTeX Font Info:    External font `cmex10' loaded for size
(Font)              <7> on input line 9.
LaTeX Font Info:    External font `cmex10' loaded for size
(Font)              <5> on input line 9.
! Undefined control sequence.
<recently read> \Large 
                       
l.16 ...f{Î Î‘ÎÎ•Î Î™Î£Î¤Î—ÎœÎ™ÎŸ Î Î‘Î¤Î¡Î©Î} }
                                                  \\
The control sequence at the end of the top line
of your error message was never \def'ed. If you have
misspelled it (e.g., `\hobx'), type `I' and the correct
spelling (e.g., `I\hbox'). Otherwise just continue,
and I'll forget about whatever was undefined.


LaTeX Font Warning: Font shape `TU/lmr/bx/sc' undefined
(Font)              using `TU/lmr/bx/n' instead on input line 16.

! Undefined control sequence.
l.17    {\large
                Î¤Î¼Î®Î¼Î± Î—Î»ÎµÎºÏ„ÏÎ¿Î»ÏŒÎ³Ï‰Î½ ÎœÎ·Ï‡Î±Î½Î¹ÎºÏÎ½ ÎºÎ±Î...
The control sequence at the end of the top line
of your error message was never \def'ed. If you have
misspelled it (e.g., `\hobx'), type `I' and the correct
spelling (e.g., `I\hbox'). Otherwise just continue,
and I'll forget about whatever was undefined.

Missing character: There is no Î¤ in font nullfont!
Missing character: There is no Î¼ in font nullfont!
Missing character: There is no Î® in font nullfont!
Missing character: There is no Î¼ in font nullfont!
Missing character: There is no Î± in font nullfont!
Missing character: There is no Î— in font nullfont!
Missing character: There is no Î» in font nullfont!
Missing character: There is no Îµ in font nullfont!
Missing character: There is no Îº in font nullfont!
Missing character: There is no Ï„ in font nullfont!
Missing character: There is no Ï in font nullfont!
Missing character: There is no Î¿ in font nullfont!
Missing character: There is no Î» in font nullfont!
Missing character: There is no ÏŒ in font nullfont!
Missing character: There is no Î³ in font nullfont!
Missing character: There is no Ï‰ in font nullfont!
Missing character: There is no Î½ in font nullfont!
Missing character: There is no Îœ in font nullfont!
Missing character: There is no Î· in font nullfont!
Missing character: There is no Ï‡ in font nullfont!
Missing character: There is no Î± in font nullfont!
Missing character: There is no Î½ in font nullfont!
Missing character: There is no Î¹ in font nullfont!
Missing character: There is no Îº in font nullfont!
Missing character: There is no Ï in font nullfont!
Missing character: There is no Î½ in font nullfont!
Missing character: There is no Îº in font nullfont!
Missing character: There is no Î± in font nullfont!
Missing character: There is no Î¹ in font nullfont!
Missing character: There is no Î¤ in font nullfont!
Missing character: There is no Îµ in font nullfont!
Missing character: There is no Ï‡ in font nullfont!
Missing character: There is no Î½ in font nullfont!
Missing character: There is no Î¿ in font nullfont!
Missing character: There is no Î» in font nullfont!
Missing character: There is no Î¿ in font nullfont!
Missing character: There is no Î³ in font nullfont!
Missing character: There is no Î¯ in font nullfont!
Missing character: There is no Î± in font nullfont!
Missing character: There is no Ï‚ in font nullfont!
Missing character: There is no Î¥ in font nullfont!
Missing character: There is no Ï€ in font nullfont!
Missing character: There is no Î¿ in font nullfont!
Missing character: There is no Î» in font nullfont!
Missing character: There is no Î¿ in font nullfont!
Missing character: There is no Î³ in font nullfont!
Missing character: There is no Î¹ in font nullfont!
Missing character: There is no Ïƒ in font nullfont!
Missing character: There is no Ï„ in font nullfont!
Missing character: There is no Ï in font nullfont!
Missing character: There is no Î½ in font nullfont!
Missing character: There is no Î¤ in font nullfont!
Missing character: There is no Î¿ in font nullfont!
Missing character: There is no Î¼ in font nullfont!
Missing character: There is no Î­ in font nullfont!
Missing character: There is no Î± in font nullfont!
Missing character: There is no Ï‚ in font nullfont!
Missing character: There is no Î£ in font nullfont!
Missing character: There is no Ï… in font nullfont!
Missing character: There is no Ïƒ in font nullfont!
Missing character: There is no Ï„ in font nullfont!
Missing character: There is no Î· in font nullfont!
Missing character: There is no Î¼ in font nullfont!
Missing character: There is no Î¬ in font nullfont!
Missing character: There is no Ï„ in font nullfont!
Missing character: There is no Ï‰ in font nullfont!
Missing character: There is no Î½ in font nullfont!
Missing character: There is no Îº in font nullfont!
Missing character: There is no Î± in font nullfont!
Missing character: There is no Î¹ in font nullfont!
Missing character: There is no Î‘ in font nullfont!
Missing character: There is no Ï… in font nullfont!
Missing character: There is no Ï„ in font nullfont!
Missing character: There is no Î¿ in font nullfont!
Missing character: There is no Î¼ in font nullfont!
Missing character: There is no Î¬ in font nullfont!
Missing character: There is no Ï„ in font nullfont!
Missing character: There is no Î¿ in font nullfont!
Missing character: There is no Ï… in font nullfont!
Missing character: There is no Î• in font nullfont!
Missing character: There is no Î» in font nullfont!
Missing character: There is no Î­ in font nullfont!
Missing character: There is no Î³ in font nullfont!
Missing character: There is no Ï‡ in font nullfont!
Missing character: There is no Î¿ in font nullfont!
Missing character: There is no Ï… in font nullfont!
Missing character: There is no Î• in font nullfont!
Missing character: There is no Ï in font nullfont!
Missing character: There is no Î³ in font nullfont!
Missing character: There is no Î± in font nullfont!
Missing character: There is no Ïƒ in font nullfont!
Missing character: There is no Ï„ in font nullfont!
Missing character: There is no Î® in font nullfont!
Missing character: There is no Ï in font nullfont!
Missing character: There is no Î¹ in font nullfont!
Missing character: There is no Î¿ in font nullfont!
Missing character: There is no Î‘ in font nullfont!
Missing character: There is no Ï… in font nullfont!
Missing character: There is no Ï„ in font nullfont!
Missing character: There is no Î¿ in font nullfont!
Missing character: There is no Î¼ in font nullfont!
Missing character: There is no Î± in font nullfont!
Missing character: There is no Ï„ in font nullfont!
Missing character: There is no Î¹ in font nullfont!
Missing character: There is no Ïƒ in font nullfont!
Missing character: There is no Î¼ in font nullfont!
Missing character: There is no Î¿ in font nullfont!
Missing character: There is no Ï in font nullfont!
Missing character: There is no Îº in font nullfont!
Missing character: There is no Î± in font nullfont!
Missing character: There is no Î¹ in font nullfont!
Missing character: There is no Î¡ in font nullfont!
Missing character: There is no Î¿ in font nullfont!
Missing character: There is no Î¼ in font nullfont!
Missing character: There is no Ï€ in font nullfont!
Missing character: There is no Î¿ in font nullfont!
Missing character: There is no Ï„ in font nullfont!
Missing character: There is no Î¹ in font nullfont!
Missing character: There is no Îº in font nullfont!
Missing character: There is no Î® in font nullfont!
Missing character: There is no Ï‚ in font nullfont!

Overfull \hbox (96.84pt too wide) in paragraph at lines 16--20
[]\TU/lmr/bx/n/10 Î Î‘ÎÎ•Î Î™Î£Î¤Î—ÎœÎ™ÎŸ
 []


Overfull \hbox (50.86pt too wide) in paragraph at lines 16--20
\TU/lmr/bx/n/10 Î Î‘Î¤Î¡Î©Î 
 []


Overfull \hbox (20.0pt too wide) in paragraph at lines 6--21
[]$[]$
 []


! LaTeX Error: Missing \begin{document}.

See the LaTeX manual or LaTeX Companion for explanation.
Type  H <return>  for immediate help.
 ...                                              
                                                  
l.22 \rule{\textwidth}{0.7pt}
                             
You're in trouble here.  Try typing  <return>  to proceed.
If that doesn't work, type  X <return>  to quit.


Overfull \hbox (8211.99998pt too wide) in paragraph at lines 22--26
[][] 
 []


! LaTeX Error: Missing \begin{document}.

See the LaTeX manual or LaTeX Companion for explanation.
Type  H <return>  for immediate help.
 ...                                              
                                                  
l.29 \begin{center}
                   
You're in trouble here.  Try typing  <return>  to proceed.
If that doesn't work, type  X <return>  to quit.


Overfull \hbox (20.0pt too wide) in paragraph at lines 29--29
[] 
 []

! Undefined control sequence.
l.30 ^^I{\LARGE
                Î”Î¹Ï€Î»Ï‰Î¼Î±Ï„Î¹ÎºÎ® Î•ÏÎ³Î±ÏƒÎ¯Î±} \\
The control sequence at the end of the top line
of your error message was never \def'ed. If you have
misspelled it (e.g., `\hobx'), type `I' and the correct
spelling (e.g., `I\hbox'). Otherwise just continue,
and I'll forget about whatever was undefined.

Missing character: There is no Î” in font nullfont!
Missing character: There is no Î¹ in font nullfont!
Missing character: There is no Ï€ in font nullfont!
Missing character: There is no Î» in font nullfont!
Missing character: There is no Ï‰ in font nullfont!
Missing character: There is no Î¼ in font nullfont!
Missing character: There is no Î± in font nullfont!
Missing character: There is no Ï„ in font nullfont!
Missing character: There is no Î¹ in font nullfont!
Missing character: There is no Îº in font nullfont!
Missing character: There is no Î® in font nullfont!
Missing character: There is no Î• in font nullfont!
Missing character: There is no Ï in font nullfont!
Missing character: There is no Î³ in font nullfont!
Missing character: There is no Î± in font nullfont!
Missing character: There is no Ïƒ in font nullfont!
Missing character: There is no Î¯ in font nullfont!
Missing character: There is no Î± in font nullfont!
! Undefined control sequence.
l.31 ^^I{\Large
                Ï„Î¿Ï… Ï†Î¿Î¹Ï„Î·Ï„Î® Ï„Î¿Ï… Î¤Î¼Î®Î¼Î±Ï„Î¿Ï‚ Î—Î»ÎµÎºÏ„ÏÎ¿...
The control sequence at the end of the top line
of your error message was never \def'ed. If you have
misspelled it (e.g., `\hobx'), type `I' and the correct
spelling (e.g., `I\hbox'). Otherwise just continue,
and I'll forget about whatever was undefined.

Missing character: There is no Ï„ in font nullfont!
Missing character: There is no Î¿ in font nullfont!
Missing character: There is no Ï… in font nullfont!
Missing character: There is no Ï† in font nullfont!
Missing character: There is no Î¿ in font nullfont!
Missing character: There is no Î¹ in font nullfont!
Missing character: There is no Ï„ in font nullfont!
Missing character: There is no Î· in font nullfont!
Missing character: There is no Ï„ in font nullfont!
Missing character: There is no Î® in font nullfont!
Missing character: There is no Ï„ in font nullfont!
Missing character: There is no Î¿ in font nullfont!
Missing character: There is no Ï… in font nullfont!
Missing character: There is no Î¤ in font nullfont!
Missing character: There is no Î¼ in font nullfont!
Missing character: There is no Î® in font nullfont!
Missing character: There is no Î¼ in font nullfont!
Missing character: There is no Î± in font nullfont!
Missing character: There is no Ï„ in font nullfont!
Missing character: There is no Î¿ in font nullfont!
Missing character: There is no Ï‚ in font nullfont!
Missing character: There is no Î— in font nullfont!
Missing character: There is no Î» in font nullfont!
Missing character: There is no Îµ in font nullfont!
Missing character: There is no Îº in font nullfont!
Missing character: There is no Ï„ in font nullfont!
Missing character: There is no Ï in font nullfont!
Missing character: There is no Î¿ in font nullfont!
Missing character: There is no Î» in font nullfont!
Missing character: There is no ÏŒ in font nullfont!
Missing character: There is no Î³ in font nullfont!
Missing character: There is no Ï‰ in font nullfont!
Missing character: There is no Î½ in font nullfont!
Missing character: There is no Îœ in font nullfont!
Missing character: There is no Î· in font nullfont!
Missing character: There is no Ï‡ in font nullfont!
Missing character: There is no Î± in font nullfont!
Missing character: There is no Î½ in font nullfont!
Missing character: There is no Î¹ in font nullfont!
Missing character: There is no Îº in font nullfont!
Missing character: There is no Ï in font nullfont!
Missing character: There is no Î½ in font nullfont!
Missing character: There is no Îº in font nullfont!
Missing character: There is no Î± in font nullfont!
Missing character: There is no Î¹ in font nullfont!
Missing character: There is no Î¤ in font nullfont!
Missing character: There is no Îµ in font nullfont!
Missing character: There is no Ï‡ in font nullfont!
Missing character: There is no Î½ in font nullfont!
Missing character: There is no Î¿ in font nullfont!
Missing character: There is no Î» in font nullfont!
Missing character: There is no Î¿ in font nullfont!
Missing character: There is no Î³ in font nullfont!
Missing character: There is no Î¯ in font nullfont!
Missing character: There is no Î± in font nullfont!
Missing character: There is no Ï‚ in font nullfont!
Missing character: There is no Î¥ in font nullfont!
Missing character: There is no Ï€ in font nullfont!
Missing character: There is no Î¿ in font nullfont!
Missing character: There is no Î» in font nullfont!
Missing character: There is no Î¿ in font nullfont!
Missing character: There is no Î³ in font nullfont!
Missing character: There is no Î¹ in font nullfont!
Missing character: There is no Ïƒ in font nullfont!
Missing character: There is no Ï„ in font nullfont!
Missing character: There is no Ï in font nullfont!
Missing character: There is no Î½ in font nullfont!
Missing character: There is no Ï„ in font nullfont!
Missing character: There is no Î· in font nullfont!
Missing character: There is no Ï‚ in font nullfont!
Missing character: There is no Î  in font nullfont!
Missing character: There is no Î¿ in font nullfont!
Missing character: There is no Î» in font nullfont!
Missing character: There is no Ï… in font nullfont!
Missing character: There is no Ï„ in font nullfont!
Missing character: There is no Îµ in font nullfont!
Missing character: There is no Ï‡ in font nullfont!
Missing character: There is no Î½ in font nullfont!
Missing character: There is no Î¹ in font nullfont!
Missing character: There is no Îº in font nullfont!
Missing character: There is no Î® in font nullfont!
Missing character: There is no Ï‚ in font nullfont!
Missing character: There is no Î£ in font nullfont!
Missing character: There is no Ï‡ in font nullfont!
Missing character: There is no Î¿ in font nullfont!
Missing character: There is no Î» in font nullfont!
Missing character: There is no Î® in font nullfont!
Missing character: There is no Ï‚ in font nullfont!
Missing character: There is no Ï„ in font nullfont!
Missing character: There is no Î¿ in font nullfont!
Missing character: There is no Ï… in font nullfont!
Missing character: There is no Î  in font nullfont!
Missing character: There is no Î± in font nullfont!
Missing character: There is no Î½ in font nullfont!
Missing character: There is no Îµ in font nullfont!
Missing character: There is no Ï€ in font nullfont!
Missing character: There is no Î¹ in font nullfont!
Missing character: There is no Ïƒ in font nullfont!
Missing character: There is no Ï„ in font nullfont!
Missing character: There is no Î· in font nullfont!
Missing character: There is no Î¼ in font nullfont!
Missing character: There is no Î¯ in font nullfont!
Missing character: There is no Î¿ in font nullfont!
Missing character: There is no Ï… in font nullfont!
Missing character: There is no Î  in font nullfont!
Missing character: There is no Î± in font nullfont!
Missing character: There is no Ï„ in font nullfont!
Missing character: There is no Ï in font nullfont!
Missing character: There is no Ï in font nullfont!
Missing character: There is no Î½ in font nullfont!
! Undefined control sequence.
l.37 ^^I{\Large
                ÎœÎ ÎŸÎ§Î‘Î›Î—Î£ Î Î‘ÎÎ‘Î“Î™Î©Î¤Î—Î£   \\ [0.1cm]
The control sequence at the end of the top line
of your error message was never \def'ed. If you have
misspelled it (e.g., `\hobx'), type `I' and the correct
spelling (e.g., `I\hbox'). Otherwise just continue,
and I'll forget about whatever was undefined.

Missing character: There is no Îœ in font nullfont!
Missing character: There is no Î  in font nullfont!
Missing character: There is no ÎŸ in font nullfont!
Missing character: There is no Î§ in font nullfont!
Missing character: There is no Î‘ in font nullfont!
Missing character: There is no Î› in font nullfont!
Missing character: There is no Î— in font nullfont!
Missing character: There is no Î£ in font nullfont!
Missing character: There is no Î  in font nullfont!
Missing character: There is no Î‘ in font nullfont!
Missing character: There is no Î in font nullfont!
Missing character: There is no Î‘ in font nullfont!
Missing character: There is no Î“ in font nullfont!
Missing character: There is no Î™ in font nullfont!
Missing character: There is no Î© in font nullfont!
Missing character: There is no Î¤ in font nullfont!
Missing character: There is no Î— in font nullfont!
Missing character: There is no Î£ in font nullfont!
Missing character: There is no Î‘ in font nullfont!
Missing character: There is no Ï in font nullfont!
Missing character: There is no Î¹ in font nullfont!
Missing character: There is no Î¸ in font nullfont!
Missing character: There is no Î¼ in font nullfont!
Missing character: There is no ÏŒ in font nullfont!
Missing character: There is no Ï‚ in font nullfont!
Missing character: There is no Îœ in font nullfont!
Missing character: There is no Î· in font nullfont!
Missing character: There is no Ï„ in font nullfont!
Missing character: There is no Ï in font nullfont!
Missing character: There is no Ï in font nullfont!
Missing character: There is no Î¿ in font nullfont!
Missing character: There is no Ï… in font nullfont!
Missing character: There is no : in font nullfont!
Missing character: There is no 7 in font nullfont!
Missing character: There is no 8 in font nullfont!
Missing character: There is no 5 in font nullfont!
Missing character: There is no 8 in font nullfont!
! Undefined control sequence.
l.44     \Large
                \underline{Î˜Î­Î¼Î±} \\[0.2cm]
The control sequence at the end of the top line
of your error message was never \def'ed. If you have
misspelled it (e.g., `\hobx'), type `I' and the correct
spelling (e.g., `I\hbox'). Otherwise just continue,
and I'll forget about whatever was undefined.

Missing character: There is no Î˜ in font nullfont!
Missing character: There is no Î­ in font nullfont!
Missing character: There is no Î¼ in font nullfont!
Missing character: There is no Î± in font nullfont!
! Undefined control sequence.
l.45 ^^I{ \LARGE
                 \bfseries  Â«Î‘Î½Î±Î²Î¬Î¸Î¼Î¹ÏƒÎ· Ï€Î±ÏÎ±Î´Î¿ÏƒÎ¹Î±ÎºÏÎ½ ...
The control sequence at the end of the top line
of your error message was never \def'ed. If you have
misspelled it (e.g., `\hobx'), type `I' and the correct
spelling (e.g., `I\hbox'). Otherwise just continue,
and I'll forget about whatever was undefined.

Missing character: There is no Î½ in font [lmroman10-bold]:mapping=tex-text;!
Missing character: There is no Î± in font [lmroman10-bold]:mapping=tex-text;!
Missing character: There is no Î² in font [lmroman10-bold]:mapping=tex-text;!
Missing character: There is no Î¬ in font [lmroman10-bold]:mapping=tex-text;!
Missing character: There is no Î¸ in font [lmroman10-bold]:mapping=tex-text;!
Missing character: There is no Î¼ in font [lmroman10-bold]:mapping=tex-text;!
Missing character: There is no Î¹ in font [lmroman10-bold]:mapping=tex-text;!
Missing character: There is no Ïƒ in font [lmroman10-bold]:mapping=tex-text;!
Missing character: There is no Î· in font [lmroman10-bold]:mapping=tex-text;!
Missing character: There is no Ï€ in font [lmroman10-bold]:mapping=tex-text;!
Missing character: There is no Î± in font [lmroman10-bold]:mapping=tex-text;!
Missing character: There is no Ï in font [lmroman10-bold]:mapping=tex-text;!
Missing character: There is no Î± in font [lmroman10-bold]:mapping=tex-text;!
Missing character: There is no Î´ in font [lmroman10-bold]:mapping=tex-text;!
Missing character: There is no Î¿ in font [lmroman10-bold]:mapping=tex-text;!
Missing character: There is no Ïƒ in font [lmroman10-bold]:mapping=tex-text;!
Missing character: There is no Î¹ in font [lmroman10-bold]:mapping=tex-text;!
Missing character: There is no Î± in font [lmroman10-bold]:mapping=tex-text;!
Missing character: There is no Îº in font [lmroman10-bold]:mapping=tex-text;!
Missing character: There is no Ï in font [lmroman10-bold]:mapping=tex-text;!
Missing character: There is no Î½ in font [lmroman10-bold]:mapping=tex-text;!
Missing character: There is no Îµ in font [lmroman10-bold]:mapping=tex-text;!
Missing character: There is no Ï† in font [lmroman10-bold]:mapping=tex-text;!
Missing character: There is no Î± in font [lmroman10-bold]:mapping=tex-text;!
Missing character: There is no Ï in font [lmroman10-bold]:mapping=tex-text;!
Missing character: There is no Î¼ in font [lmroman10-bold]:mapping=tex-text;!
Missing character: There is no Î¿ in font [lmroman10-bold]:mapping=tex-text;!
Missing character: There is no Î³ in font [lmroman10-bold]:mapping=tex-text;!
Missing character: There is no Ï in font [lmroman10-bold]:mapping=tex-text;!
Missing character: There is no Î½ in font [lmroman10-bold]:mapping=tex-text;!
Missing character: There is no Î¼ in font [lmroman10-bold]:mapping=tex-text;!
Missing character: There is no Îµ in font [lmroman10-bold]:mapping=tex-text;!
Missing character: There is no Ï„ in font [lmroman10-bold]:mapping=tex-text;!
Missing character: There is no Î· in font [lmroman10-bold]:mapping=tex-text;!
Missing character: There is no Ï‡ in font [lmroman10-bold]:mapping=tex-text;!
Missing character: There is no Ï in font [lmroman10-bold]:mapping=tex-text;!
Missing character: There is no Î® in font [lmroman10-bold]:mapping=tex-text;!
Missing character: There is no Ïƒ in font [lmroman10-bold]:mapping=tex-text;!
Missing character: There is no Î· in font [lmroman10-bold]:mapping=tex-text;!
Missing character: There is no Ï„ in font [lmroman10-bold]:mapping=tex-text;!
Missing character: There is no Îµ in font [lmroman10-bold]:mapping=tex-text;!
Missing character: There is no Ï‡ in font [lmroman10-bold]:mapping=tex-text;!
Missing character: There is no Î½ in font [lmroman10-bold]:mapping=tex-text;!
Missing character: There is no Î¿ in font [lmroman10-bold]:mapping=tex-text;!
Missing character: There is no Î» in font [lmroman10-bold]:mapping=tex-text;!
Missing character: There is no Î¿ in font [lmroman10-bold]:mapping=tex-text;!
Missing character: There is no Î³ in font [lmroman10-bold]:mapping=tex-text;!
Missing character: There is no Î¹ in font [lmroman10-bold]:mapping=tex-text;!
Missing character: There is no Ï in font [lmroman10-bold]:mapping=tex-text;!
Missing character: There is no Î½ in font [lmroman10-bold]:mapping=tex-text;!
Missing character: There is no Î´ in font [lmroman10-bold]:mapping=tex-text;!
Missing character: There is no Î¹ in font [lmroman10-bold]:mapping=tex-text;!
Missing character: There is no Î± in font [lmroman10-bold]:mapping=tex-text;!
Missing character: There is no Î´ in font [lmroman10-bold]:mapping=tex-text;!
Missing character: There is no Î¹ in font [lmroman10-bold]:mapping=tex-text;!
Missing character: There is no Îº in font [lmroman10-bold]:mapping=tex-text;!
Missing character: There is no Ï„ in font [lmroman10-bold]:mapping=tex-text;!
Missing character: There is no Ï in font [lmroman10-bold]:mapping=tex-text;!
Missing character: There is no Î¿ in font [lmroman10-bold]:mapping=tex-text;!
Missing character: There is no Ï… in font [lmroman10-bold]:mapping=tex-text;!
Missing character: There is no Î¯ in font [lmroman10-bold]:mapping=tex-text;!
Missing character: There is no Î± in font [lmroman10-bold]:mapping=tex-text;!
Missing character: There is no Ï€ in font [lmroman10-bold]:mapping=tex-text;!
Missing character: There is no Ï in font [lmroman10-bold]:mapping=tex-text;!
Missing character: There is no Î¿ in font [lmroman10-bold]:mapping=tex-text;!
Missing character: There is no Ïƒ in font [lmroman10-bold]:mapping=tex-text;!
Missing character: There is no Î­ in font [lmroman10-bold]:mapping=tex-text;!
Missing character: There is no Î³ in font [lmroman10-bold]:mapping=tex-text;!
Missing character: There is no Î³ in font [lmroman10-bold]:mapping=tex-text;!
Missing character: There is no Î¹ in font [lmroman10-bold]:mapping=tex-text;!
Missing character: There is no Ïƒ in font [lmroman10-bold]:mapping=tex-text;!
Missing character: There is no Î· in font [lmroman10-bold]:mapping=tex-text;!
Missing character: There is no Î² in font [lmroman10-bold]:mapping=tex-text;!
Missing character: There is no Î± in font [lmroman10-bold]:mapping=tex-text;!
Missing character: There is no Ïƒ in font [lmroman10-bold]:mapping=tex-text;!
Missing character: There is no Î¹ in font [lmroman10-bold]:mapping=tex-text;!
Missing character: There is no Ïƒ in font [lmroman10-bold]:mapping=tex-text;!
Missing character: There is no Î¼ in font [lmroman10-bold]:mapping=tex-text;!
Missing character: There is no Î­ in font [lmroman10-bold]:mapping=tex-text;!
Missing character: There is no Î½ in font [lmroman10-bold]:mapping=tex-text;!
Missing character: There is no Î· in font [lmroman10-bold]:mapping=tex-text;!
Missing character: There is no Ïƒ in font [lmroman10-bold]:mapping=tex-text;!
Missing character: There is no Îµ in font [lmroman10-bold]:mapping=tex-text;!
Missing character: There is no Ïƒ in font [lmroman10-bold]:mapping=tex-text;!
Missing character: There is no Ï… in font [lmroman10-bold]:mapping=tex-text;!
Missing character: There is no Î½ in font [lmroman10-bold]:mapping=tex-text;!
Missing character: There is no Î¹ in font [lmroman10-bold]:mapping=tex-text;!
Missing character: There is no Ïƒ in font [lmroman10-bold]:mapping=tex-text;!
Missing character: There is no Ï„ in font [lmroman10-bold]:mapping=tex-text;!
Missing character: There is no Ï in font [lmroman10-bold]:mapping=tex-text;!
Missing character: There is no Ïƒ in font [lmroman10-bold]:mapping=tex-text;!
Missing character: There is no Îµ in font [lmroman10-bold]:mapping=tex-text;!
Missing character: There is no Ï‚ in font [lmroman10-bold]:mapping=tex-text;!

Overfull \hbox (40.28pt too wide) in paragraph at lines 45--45
 []\TU/lmr/bx/n/10 Â«Î‘Î½Î±Î²Î¬Î¸Î¼Î¹ÏƒÎ· 
 []


Overfull \hbox (33.6pt too wide) in paragraph at lines 45--45
 \TU/lmr/bx/n/10 Ï€Î±ÏÎ±Î´Î¿ÏƒÎ¹Î±ÎºÏÎ½ 
 []


Overfull \hbox (25.2pt too wide) in paragraph at lines 45--45
 \TU/lmr/bx/n/10 ÎµÏ†Î±ÏÎ¼Î¿Î³ÏÎ½ 
 []


Overfull \hbox (5.6pt too wide) in paragraph at lines 45--45
 \TU/lmr/bx/n/10 Î¼Îµ 
 []


Overfull \hbox (5.6pt too wide) in paragraph at lines 45--45
 \TU/lmr/bx/n/10 Ï„Î· 
 []


Overfull \hbox (14.0pt too wide) in paragraph at lines 45--45
 \TU/lmr/bx/n/10 Ï‡ÏÎ®ÏƒÎ· 
 []


Overfull \hbox (30.8pt too wide) in paragraph at lines 45--45
 \TU/lmr/bx/n/10 Ï„ÎµÏ‡Î½Î¿Î»Î¿Î³Î¹ÏÎ½ 
 []


Overfull \hbox (31.19pt too wide) in paragraph at lines 45--45
 \TU/lmr/bx/n/10 Î´Î¹Î±Î´Î¹ÎºÏ„ÏÎ¿Ï…: 
 []


Overfull \hbox (16.52pt too wide) in paragraph at lines 45--45
 \TU/lmr/bx/n/10 ÎœÎ¯Î± 
 []


Overfull \hbox (28.0pt too wide) in paragraph at lines 45--45
 \TU/lmr/bx/n/10 Ï€ÏÎ¿ÏƒÎ­Î³Î³Î¹ÏƒÎ· 
 []


Overfull \hbox (25.2pt too wide) in paragraph at lines 45--45
 \TU/lmr/bx/n/10 Î²Î±ÏƒÎ¹ÏƒÎ¼Î­Î½Î· 
 []


Overfull \hbox (5.6pt too wide) in paragraph at lines 45--45
 \TU/lmr/bx/n/10 ÏƒÎµ 
 []


Overfull \hbox (99.78pt too wide) in paragraph at lines 45--45
 \TU/lmr/bx/n/10 ÏƒÏ…Î½Î¹ÏƒÏ„ÏÏƒÎµÏ‚/componentsÂ» 
 []

! Undefined control sequence.
l.47 ^^I\Large
               \underline{Î•Ï€Î¹Î²Î»Î­Ï€Ï‰Î½} \\[0.2cm]
The control sequence at the end of the top line
of your error message was never \def'ed. If you have
misspelled it (e.g., `\hobx'), type `I' and the correct
spelling (e.g., `I\hbox'). Otherwise just continue,
and I'll forget about whatever was undefined.

Missing character: There is no Î• in font nullfont!
Missing character: There is no Ï€ in font nullfont!
Missing character: There is no Î¹ in font nullfont!
Missing character: There is no Î² in font nullfont!
Missing character: There is no Î» in font nullfont!
Missing character: There is no Î­ in font nullfont!
Missing character: There is no Ï€ in font nullfont!
Missing character: There is no Ï‰ in font nullfont!
Missing character: There is no Î½ in font nullfont!
! Undefined control sequence.
l.48 ^^I{ \Large
                    Î˜Î¡Î‘ÎœÎ ÎŸÎ¥Î›Î™Î”Î—Î£ ÎšÎ›Î•Î‘ÎÎ˜Î—Î£} \\
The control sequence at the end of the top line
of your error message was never \def'ed. If you have
misspelled it (e.g., `\hobx'), type `I' and the correct
spelling (e.g., `I\hbox'). Otherwise just continue,
and I'll forget about whatever was undefined.

Missing character: There is no Î˜ in font nullfont!
Missing character: There is no Î¡ in font nullfont!
Missing character: There is no Î‘ in font nullfont!
Missing character: There is no Îœ in font nullfont!
Missing character: There is no Î  in font nullfont!
Missing character: There is no ÎŸ in font nullfont!
Missing character: There is no Î¥ in font nullfont!
Missing character: There is no Î› in font nullfont!
Missing character: There is no Î™ in font nullfont!
Missing character: There is no Î” in font nullfont!
Missing character: There is no Î— in font nullfont!
Missing character: There is no Î£ in font nullfont!
Missing character: There is no Îš in font nullfont!
Missing character: There is no Î› in font nullfont!
Missing character: There is no Î• in font nullfont!
Missing character: There is no Î‘ in font nullfont!
Missing character: There is no Î in font nullfont!
Missing character: There is no Î˜ in font nullfont!
Missing character: There is no Î— in font nullfont!
Missing character: There is no Î£ in font nullfont!
Missing character: There is no Î‘ in font nullfont!
Missing character: There is no Ï in font nullfont!
Missing character: There is no Î¹ in font nullfont!
Missing character: There is no Î¸ in font nullfont!
Missing character: There is no Î¼ in font nullfont!
Missing character: There is no ÏŒ in font nullfont!
Missing character: There is no Ï‚ in font nullfont!
Missing character: There is no Î” in font nullfont!
Missing character: There is no Î¹ in font nullfont!
Missing character: There is no Ï€ in font nullfont!
Missing character: There is no Î» in font nullfont!
Missing character: There is no Ï‰ in font nullfont!
Missing character: There is no Î¼ in font nullfont!
Missing character: There is no Î± in font nullfont!
Missing character: There is no Ï„ in font nullfont!
Missing character: There is no Î¹ in font nullfont!
Missing character: There is no Îº in font nullfont!
Missing character: There is no Î® in font nullfont!
Missing character: There is no Ï‚ in font nullfont!
Missing character: There is no Î• in font nullfont!
Missing character: There is no Ï in font nullfont!
Missing character: There is no Î³ in font nullfont!
Missing character: There is no Î± in font nullfont!
Missing character: There is no Ïƒ in font nullfont!
Missing character: There is no Î¯ in font nullfont!
Missing character: There is no Î± in font nullfont!
Missing character: There is no Ï‚ in font nullfont!
Missing character: There is no : in font nullfont!
Missing character: There is no 2 in font nullfont!
Missing character: There is no 2 in font nullfont!
Missing character: There is no 7 in font nullfont!
Missing character: There is no 0 in font nullfont!
Missing character: There is no 7 in font nullfont!
Missing character: There is no 0 in font nullfont!
Missing character: There is no - in font nullfont!
Missing character: There is no 2 in font nullfont!
Missing character: There is no 2 in font nullfont!
Missing character: There is no 7 in font nullfont!
Missing character: There is no 1 in font nullfont!
Missing character: There is no 8 in font nullfont!
Missing character: There is no 2 in font nullfont!
Missing character: There is no / in font nullfont!
Missing character: There is no 2 in font nullfont!
Missing character: There is no 0 in font nullfont!
Missing character: There is no 1 in font nullfont!
Missing character: There is no 5 in font nullfont!
Missing character: There is no Î  in font nullfont!
Missing character: There is no Î¬ in font nullfont!
Missing character: There is no Ï„ in font nullfont!
Missing character: There is no Ï in font nullfont!
Missing character: There is no Î± in font nullfont!
Missing character: There is no , in font nullfont!
Missing character: There is no Î™ in font nullfont!
Missing character: There is no Î¿ in font nullfont!
Missing character: There is no Ï in font nullfont!
Missing character: There is no Î» in font nullfont!
Missing character: There is no Î¹ in font nullfont!
Missing character: There is no Î¿ in font nullfont!
Missing character: There is no Ï‚ in font nullfont!
Missing character: There is no 2 in font nullfont!
Missing character: There is no 0 in font nullfont!
Missing character: There is no 1 in font nullfont!
Missing character: There is no 8 in font nullfont!

! LaTeX Error: \begin{document} ended by \end{titlepage}.

See the LaTeX manual or LaTeX Companion for explanation.
Type  H <return>  for immediate help.
 ...                                              
                                                  
l.73 \end{titlepage}
                    
Your command was ignored.
Type  I <command> <return>  to replace it with another command,
or  <return>  to continue without it.


! LaTeX Error: The font size command \normalsize is not defined:
               there is probably something wrong with the class file.

See the LaTeX manual or LaTeX Companion for explanation.
Type  H <return>  for immediate help.
 ...                                              
                                                  
l.75 \newpage
             
Your command was ignored.
Type  I <command> <return>  to replace it with another command,
or  <return>  to continue without it.

[1]

! LaTeX Error: Missing \begin{document}.

See the LaTeX manual or LaTeX Companion for explanation.
Type  H <return>  for immediate help.
 ...                                              
                                                  
l.80 Î 
       Î±Î½ÎµÏ€Î¹ÏƒÏ„Î®Î¼Î¹Î¿ Î Î±Ï„ÏÏÎ½ - Î¤Î¼Î®Î¼Î± Î—Î»ÎµÎºÏ„ÏÎ¿Î»ÏŒÎ³...

You're in trouble here.  Try typing  <return>  to proceed.
If that doesn't work, type  X <return>  to quit.

Missing character: There is no Î  in font nullfont!
Missing character: There is no Î± in font nullfont!
Missing character: There is no Î½ in font nullfont!
Missing character: There is no Îµ in font nullfont!
Missing character: There is no Ï€ in font nullfont!
Missing character: There is no Î¹ in font nullfont!
Missing character: There is no Ïƒ in font nullfont!
Missing character: There is no Ï„ in font nullfont!
Missing character: There is no Î® in font nullfont!
Missing character: There is no Î¼ in font nullfont!
Missing character: There is no Î¹ in font nullfont!
Missing character: There is no Î¿ in font nullfont!
Missing character: There is no Î  in font nullfont!
Missing character: There is no Î± in font nullfont!
Missing character: There is no Ï„ in font nullfont!
Missing character: There is no Ï in font nullfont!
Missing character: There is no Ï in font nullfont!
Missing character: There is no Î½ in font nullfont!
Missing character: There is no - in font nullfont!
Missing character: There is no Î¤ in font nullfont!
Missing character: There is no Î¼ in font nullfont!
Missing character: There is no Î® in font nullfont!
Missing character: There is no Î¼ in font nullfont!
Missing character: There is no Î± in font nullfont!
Missing character: There is no Î— in font nullfont!
Missing character: There is no Î» in font nullfont!
Missing character: There is no Îµ in font nullfont!
Missing character: There is no Îº in font nullfont!
Missing character: There is no Ï„ in font nullfont!
Missing character: There is no Ï in font nullfont!
Missing character: There is no Î¿ in font nullfont!
Missing character: There is no Î» in font nullfont!
Missing character: There is no ÏŒ in font nullfont!
Missing character: There is no Î³ in font nullfont!
Missing character: There is no Ï‰ in font nullfont!
Missing character: There is no Î½ in font nullfont!
Missing character: There is no Îœ in font nullfont!
Missing character: There is no Î· in font nullfont!
Missing character: There is no Ï‡ in font nullfont!
Missing character: There is no Î± in font nullfont!
Missing character: There is no Î½ in font nullfont!
Missing character: There is no Î¹ in font nullfont!
Missing character: There is no Îº in font nullfont!
Missing character: There is no Ï in font nullfont!
Missing character: There is no Î½ in font nullfont!
Missing character: There is no Îº in font nullfont!
Missing character: There is no Î± in font nullfont!
Missing character: There is no Î¹ in font nullfont!
Missing character: There is no Î¤ in font nullfont!
Missing character: There is no Îµ in font nullfont!
Missing character: There is no Ï‡ in font nullfont!
Missing character: There is no Î½ in font nullfont!
Missing character: There is no Î¿ in font nullfont!
Missing character: There is no Î» in font nullfont!
Missing character: There is no Î¿ in font nullfont!
Missing character: There is no Î³ in font nullfont!
Missing character: There is no Î¯ in font nullfont!
Missing character: There is no Î± in font nullfont!
Missing character: There is no Ï‚ in font nullfont!
Missing character: There is no Î¥ in font nullfont!
Missing character: There is no Ï€ in font nullfont!
Missing character: There is no Î¿ in font nullfont!
Missing character: There is no Î» in font nullfont!
Missing character: There is no Î¿ in font nullfont!
Missing character: There is no Î³ in font nullfont!
Missing character: There is no Î¹ in font nullfont!
Missing character: There is no Ïƒ in font nullfont!
Missing character: There is no Ï„ in font nullfont!
Missing character: There is no Ï in font nullfont!
Missing character: There is no Î½ in font nullfont!
Missing character: There is no Îœ in font nullfont!
Missing character: There is no Ï€ in font nullfont!
Missing character: There is no ÏŒ in font nullfont!
Missing character: There is no Ï‡ in font nullfont!
Missing character: There is no Î± in font nullfont!
Missing character: There is no Î» in font nullfont!
Missing character: There is no Î· in font nullfont!
Missing character: There is no Ï‚ in font nullfont!
Missing character: There is no Î  in font nullfont!
Missing character: There is no Î± in font nullfont!
Missing character: There is no Î½ in font nullfont!
Missing character: There is no Î± in font nullfont!
Missing character: There is no Î³ in font nullfont!
Missing character: There is no Î¹ in font nullfont!
Missing character: There is no Ï in font nullfont!
Missing character: There is no Ï„ in font nullfont!
Missing character: There is no Î· in font nullfont!
Missing character: There is no Ï‚ in font nullfont!

Overfull \hbox (20.0pt too wide) in paragraph at lines 80--82
[]
 []


! LaTeX Error: Missing \begin{document}.

See the LaTeX manual or LaTeX Companion for explanation.
Type  H <return>  for immediate help.
 ...                                              
                                                  
l.83 \textcopyright
                     2018 - ÎœÎµ Ï„Î·Î½ ÎµÏ€Î¹Ï†ÏÎ»Î±Î¾Î· Ï€Î±Î½Ï„ÏŒÏ‚ Î´Î¹...

You're in trouble here.  Try typing  <return>  to proceed.
If that doesn't work, type  X <return>  to quit.

LaTeX Font Info:    Try loading font information for OMS+lmr on input line 83.
(/usr/share/texmf/tex/latex/lm/omslmr.fd
File: omslmr.fd 2009/10/30 v1.6 Font defs for Latin Modern
)
LaTeX Font Info:    Try loading font information for OMS+lmsy on input line 83.


(/usr/share/texmf/tex/latex/lm/omslmsy.fd
File: omslmsy.fd 2009/10/30 v1.6 Font defs for Latin Modern
)
LaTeX Font Info:    Font shape `OMS/lmr/m/n' in size <10> not available
(Font)              Font shape `OMS/lmsy/m/n' tried instead on input line 83.
LaTeX Font Info:    Try loading font information for +lmr on input line 83.
LaTeX Font Info:    No file lmr.fd. on input line 83.
LaTeX Font Info:    Try loading font information for +cmsy on input line 83.
LaTeX Font Info:    No file cmsy.fd. on input line 83.


LaTeX Font Warning: Font shape `/lmr/m/n' undefined
(Font)              using `/cmsy/m/n' instead on input line 83.


LaTeX Font Warning: Font shape `/cmsy/m/n' undefined
(Font)              using `/cmsy/m/n' instead on input line 83.

! Corrupted NFSS tables.
wrong@fontshape ...message {Corrupted NFSS tables}
                                                  error@fontshape else let f...
l.83 \textcopyright
                     2018 - ÎœÎµ Ï„Î·Î½ ÎµÏ€Î¹Ï†ÏÎ»Î±Î¾Î· Ï€Î±Î½Ï„ÏŒÏ‚ Î´Î¹...
This error message was generated by an \errmessage
command, so I can't give any explicit help.
Pretend that you're Hercule Poirot: Examine all clues,
and deduce the truth by order and method.


LaTeX Font Warning: Font shape `/cmsy/m/n' undefined
(Font)              using `OT1/cmr/m/n' instead on input line 83.

Missing character: There is no 2 in font nullfont!
Missing character: There is no 0 in font nullfont!
Missing character: There is no 1 in font nullfont!
Missing character: There is no 8 in font nullfont!
Missing character: There is no - in font nullfont!
Missing character: There is no Îœ in font nullfont!
Missing character: There is no Îµ in font nullfont!
Missing character: There is no Ï„ in font nullfont!
Missing character: There is no Î· in font nullfont!
Missing character: There is no Î½ in font nullfont!
Missing character: There is no Îµ in font nullfont!
Missing character: There is no Ï€ in font nullfont!
Missing character: There is no Î¹ in font nullfont!
Missing character: There is no Ï† in font nullfont!
Missing character: There is no Ï in font nullfont!
Missing character: There is no Î» in font nullfont!
Missing character: There is no Î± in font nullfont!
Missing character: There is no Î¾ in font nullfont!
Missing character: There is no Î· in font nullfont!
Missing character: There is no Ï€ in font nullfont!
Missing character: There is no Î± in font nullfont!
Missing character: There is no Î½ in font nullfont!
Missing character: There is no Ï„ in font nullfont!
Missing character: There is no ÏŒ in font nullfont!
Missing character: There is no Ï‚ in font nullfont!
Missing character: There is no Î´ in font nullfont!
Missing character: There is no Î¹ in font nullfont!
Missing character: There is no Îº in font nullfont!
Missing character: There is no Î± in font nullfont!
Missing character: There is no Î¹ in font nullfont!
Missing character: There is no Ï in font nullfont!
Missing character: There is no Î¼ in font nullfont!
Missing character: There is no Î± in font nullfont!
Missing character: There is no Ï„ in font nullfont!
Missing character: There is no Î¿ in font nullfont!
Missing character: There is no Ï‚ in font nullfont!
)
! Emergency stop.
<*> titlepage2.tex
                  
*** (job aborted, no legal \end found)

 
Here is how much of TeX's memory you used:
 62 strings out of 493007
 1047 string characters out of 6136719
 63821 words of memory out of 5000000
 4116 multiletter control sequences out of 15000+600000
 3967 words of font info for 18 fonts, out of 8000000 for 9000
 1348 hyphenation exceptions out of 8191
 20i,6n,18p,183b,201s stack positions out of 5000i,500n,10000p,200000b,80000s
Output written on titlepage2.pdf (1 page).
