This is XeTeX, Version 3.14159265-2.6-0.99998 (TeX Live 2017/Debian) (preloaded format=xelatex 2018.6.18)  23 JUN 2018 12:35
entering extended mode
 restricted \write18 enabled.
 %&-line parsing enabled.
**verifyPage.tex
(./verifyPage.tex
LaTeX2e <2017-04-15>
Babel <3.18> and hyphenation patterns for 84 language(s) loaded.

! LaTeX Error: Missing \begin{document}.

See the LaTeX manual or LaTeX Companion for explanation.
Type  H <return>  for immediate help.
 ...                                              
                                                  
l.6 \begin{center}
                  
You're in trouble here.  Try typing  <return>  to proceed.
If that doesn't work, type  X <return>  to quit.


Overfull \hbox (20.0pt too wide) in paragraph at lines 6--6
[] 
 []

! Undefined control sequence.
l.10 {\Large
             \textbf{Î Î™Î£Î¤ÎŸÎ ÎŸÎ™Î—Î£Î—}} \\[1 cm]
The control sequence at the end of the top line
of your error message was never \def'ed. If you have
misspelled it (e.g., `\hobx'), type `I' and the correct
spelling (e.g., `I\hbox'). Otherwise just continue,
and I'll forget about whatever was undefined.


Overfull \hbox (86.62001pt too wide) in paragraph at lines 10--10
 \TU/lmr/bx/n/10 Î Î™Î£Î¤ÎŸÎ ÎŸÎ™Î—Î£Î— 
 []

Missing character: There is no Î  in font nullfont!
Missing character: There is no Î¹ in font nullfont!
Missing character: There is no Ïƒ in font nullfont!
Missing character: There is no Ï„ in font nullfont!
Missing character: There is no Î¿ in font nullfont!
Missing character: There is no Ï€ in font nullfont!
Missing character: There is no Î¿ in font nullfont!
Missing character: There is no Î¹ in font nullfont!
Missing character: There is no Îµ in font nullfont!
Missing character: There is no Î¯ in font nullfont!
Missing character: There is no Ï„ in font nullfont!
Missing character: There is no Î± in font nullfont!
Missing character: There is no Î¹ in font nullfont!
Missing character: There is no ÏŒ in font nullfont!
Missing character: There is no Ï„ in font nullfont!
Missing character: There is no Î¹ in font nullfont!
Missing character: There is no Î· in font nullfont!
Missing character: There is no Î” in font nullfont!
Missing character: There is no Î¹ in font nullfont!
Missing character: There is no Ï€ in font nullfont!
Missing character: There is no Î» in font nullfont!
Missing character: There is no Ï‰ in font nullfont!
Missing character: There is no Î¼ in font nullfont!
Missing character: There is no Î± in font nullfont!
Missing character: There is no Ï„ in font nullfont!
Missing character: There is no Î¹ in font nullfont!
Missing character: There is no Îº in font nullfont!
Missing character: There is no Î® in font nullfont!
Missing character: There is no Î• in font nullfont!
Missing character: There is no Ï in font nullfont!
Missing character: There is no Î³ in font nullfont!
Missing character: There is no Î± in font nullfont!
Missing character: There is no Ïƒ in font nullfont!
Missing character: There is no Î¯ in font nullfont!
Missing character: There is no Î± in font nullfont!
Missing character: There is no Î¼ in font nullfont!
Missing character: There is no Îµ in font nullfont!
Missing character: There is no Î¸ in font nullfont!
Missing character: There is no Î­ in font nullfont!
Missing character: There is no Î¼ in font nullfont!
Missing character: There is no Î± in font nullfont!
! Undefined control sequence.
l.13 {\large
             \textbf{ÎˆÎ»ÎµÎ³Ï‡Î¿Ï‚ Î˜Î­ÏƒÎ·Ï‚ ÎºÎ±Î¹ Î ÏÎ¿ÏƒÎ±Î½Î±Ï„Î¿Î»Î¹...
The control sequence at the end of the top line
of your error message was never \def'ed. If you have
misspelled it (e.g., `\hobx'), type `I' and the correct
spelling (e.g., `I\hbox'). Otherwise just continue,
and I'll forget about whatever was undefined.

Missing character: There is no Îˆ in font [lmroman10-bold]:mapping=tex-text;!
Missing character: There is no Î» in font [lmroman10-bold]:mapping=tex-text;!
Missing character: There is no Îµ in font [lmroman10-bold]:mapping=tex-text;!
Missing character: There is no Î³ in font [lmroman10-bold]:mapping=tex-text;!
Missing character: There is no Ï‡ in font [lmroman10-bold]:mapping=tex-text;!
Missing character: There is no Î¿ in font [lmroman10-bold]:mapping=tex-text;!
Missing character: There is no Ï‚ in font [lmroman10-bold]:mapping=tex-text;!
Missing character: There is no Î­ in font [lmroman10-bold]:mapping=tex-text;!
Missing character: There is no Ïƒ in font [lmroman10-bold]:mapping=tex-text;!
Missing character: There is no Î· in font [lmroman10-bold]:mapping=tex-text;!
Missing character: There is no Ï‚ in font [lmroman10-bold]:mapping=tex-text;!
Missing character: There is no Îº in font [lmroman10-bold]:mapping=tex-text;!
Missing character: There is no Î± in font [lmroman10-bold]:mapping=tex-text;!
Missing character: There is no Î¹ in font [lmroman10-bold]:mapping=tex-text;!
Missing character: There is no Ï in font [lmroman10-bold]:mapping=tex-text;!
Missing character: There is no Î¿ in font [lmroman10-bold]:mapping=tex-text;!
Missing character: There is no Ïƒ in font [lmroman10-bold]:mapping=tex-text;!
Missing character: There is no Î± in font [lmroman10-bold]:mapping=tex-text;!
Missing character: There is no Î½ in font [lmroman10-bold]:mapping=tex-text;!
Missing character: There is no Î± in font [lmroman10-bold]:mapping=tex-text;!
Missing character: There is no Ï„ in font [lmroman10-bold]:mapping=tex-text;!
Missing character: There is no Î¿ in font [lmroman10-bold]:mapping=tex-text;!
Missing character: There is no Î» in font [lmroman10-bold]:mapping=tex-text;!
Missing character: There is no Î¹ in font [lmroman10-bold]:mapping=tex-text;!
Missing character: There is no Ïƒ in font [lmroman10-bold]:mapping=tex-text;!
Missing character: There is no Î¼ in font [lmroman10-bold]:mapping=tex-text;!
Missing character: There is no Î¿ in font [lmroman10-bold]:mapping=tex-text;!
Missing character: There is no Ï in font [lmroman10-bold]:mapping=tex-text;!
Missing character: There is no Î» in font [lmroman10-bold]:mapping=tex-text;!
Missing character: There is no Î¿ in font [lmroman10-bold]:mapping=tex-text;!
Missing character: There is no Î¯ in font [lmroman10-bold]:mapping=tex-text;!
Missing character: There is no Î¿ in font [lmroman10-bold]:mapping=tex-text;!
Missing character: There is no Ï… in font [lmroman10-bold]:mapping=tex-text;!
Missing character: There is no Ïƒ in font [lmroman10-bold]:mapping=tex-text;!
Missing character: There is no Îµ in font [lmroman10-bold]:mapping=tex-text;!
Missing character: There is no Îµ in font [lmroman10-bold]:mapping=tex-text;!
Missing character: There is no Ï in font [lmroman10-bold]:mapping=tex-text;!
Missing character: There is no Î¹ in font [lmroman10-bold]:mapping=tex-text;!
Missing character: There is no Î¿ in font [lmroman10-bold]:mapping=tex-text;!
Missing character: There is no Ï in font [lmroman10-bold]:mapping=tex-text;!
Missing character: There is no Î¹ in font [lmroman10-bold]:mapping=tex-text;!
Missing character: There is no Ïƒ in font [lmroman10-bold]:mapping=tex-text;!
Missing character: There is no Î¼ in font [lmroman10-bold]:mapping=tex-text;!
Missing character: There is no Î­ in font [lmroman10-bold]:mapping=tex-text;!
Missing character: There is no Î½ in font [lmroman10-bold]:mapping=tex-text;!
Missing character: There is no Î¿ in font [lmroman10-bold]:mapping=tex-text;!
Missing character: There is no Ï… in font [lmroman10-bold]:mapping=tex-text;!
Missing character: There is no Ï‚ in font [lmroman10-bold]:mapping=tex-text;!
Missing character: There is no Ï in font [lmroman10-bold]:mapping=tex-text;!
Missing character: There is no Ï in font [lmroman10-bold]:mapping=tex-text;!
Missing character: There is no Î¿ in font [lmroman10-bold]:mapping=tex-text;!
Missing character: There is no Ï… in font [lmroman10-bold]:mapping=tex-text;!
Missing character: There is no Ï‚ in font [lmroman10-bold]:mapping=tex-text;!

Overfull \hbox (24.36pt too wide) in paragraph at lines 13--13
 []\TU/lmr/bx/n/10 ÎˆÎ»ÎµÎ³Ï‡Î¿Ï‚ 
 []


Overfull \hbox (20.14pt too wide) in paragraph at lines 13--13
 \TU/lmr/bx/n/10 Î˜Î­ÏƒÎ·Ï‚ 
 []


Overfull \hbox (8.4pt too wide) in paragraph at lines 13--13
 \TU/lmr/bx/n/10 ÎºÎ±Î¹ 
 []


Overfull \hbox (48.2pt too wide) in paragraph at lines 13--13
 \TU/lmr/bx/n/10 Î ÏÎ¿ÏƒÎ±Î½Î±Ï„Î¿Î»Î¹ÏƒÎ¼Î¿Ï 
 []


Overfull \hbox (23.0pt too wide) in paragraph at lines 13--13
 \TU/lmr/bx/n/10 Î Î»Î¿Î¯Î¿Ï… 
 []


Overfull \hbox (5.6pt too wide) in paragraph at lines 13--13
 \TU/lmr/bx/n/10 ÏƒÎµ 
 []


Overfull \hbox (45.40001pt too wide) in paragraph at lines 13--13
 \TU/lmr/bx/n/10 Î ÎµÏÎ¹Î¿ÏÎ¹ÏƒÎ¼Î­Î½Î¿Ï…Ï‚ 
 []


Overfull \hbox (22.69pt too wide) in paragraph at lines 13--13
 \TU/lmr/bx/n/10 Î§ÏÏÎ¿Ï…Ï‚ 
 []

Missing character: There is no Î¤ in font nullfont!
Missing character: There is no Ï‰ in font nullfont!
Missing character: There is no Î½ in font nullfont!
Missing character: There is no Ï† in font nullfont!
Missing character: There is no Î¿ in font nullfont!
Missing character: There is no Î¹ in font nullfont!
Missing character: There is no Ï„ in font nullfont!
Missing character: There is no Î· in font nullfont!
Missing character: There is no Ï„ in font nullfont!
Missing character: There is no Ï in font nullfont!
Missing character: There is no Î½ in font nullfont!
Missing character: There is no Ï„ in font nullfont!
Missing character: There is no Î¿ in font nullfont!
Missing character: There is no Ï… in font nullfont!
Missing character: There is no Î¤ in font nullfont!
Missing character: There is no Î¼ in font nullfont!
Missing character: There is no Î® in font nullfont!
Missing character: There is no Î¼ in font nullfont!
Missing character: There is no Î± in font nullfont!
Missing character: There is no Ï„ in font nullfont!
Missing character: There is no Î¿ in font nullfont!
Missing character: There is no Ï‚ in font nullfont!
Missing character: There is no Î— in font nullfont!
Missing character: There is no Î» in font nullfont!
Missing character: There is no Îµ in font nullfont!
Missing character: There is no Îº in font nullfont!
Missing character: There is no Ï„ in font nullfont!
Missing character: There is no Ï in font nullfont!
Missing character: There is no Î¿ in font nullfont!
Missing character: There is no Î» in font nullfont!
Missing character: There is no ÏŒ in font nullfont!
Missing character: There is no Î³ in font nullfont!
Missing character: There is no Ï‰ in font nullfont!
Missing character: There is no Î½ in font nullfont!
Missing character: There is no Îœ in font nullfont!
Missing character: There is no Î· in font nullfont!
Missing character: There is no Ï‡ in font nullfont!
Missing character: There is no Î± in font nullfont!
Missing character: There is no Î½ in font nullfont!
Missing character: There is no Î¹ in font nullfont!
Missing character: There is no Îº in font nullfont!
Missing character: There is no Ï in font nullfont!
Missing character: There is no Î½ in font nullfont!
Missing character: There is no Îº in font nullfont!
Missing character: There is no Î± in font nullfont!
Missing character: There is no Î¹ in font nullfont!
Missing character: There is no Î¤ in font nullfont!
Missing character: There is no Îµ in font nullfont!
Missing character: There is no Ï‡ in font nullfont!
Missing character: There is no Î½ in font nullfont!
Missing character: There is no Î¿ in font nullfont!
Missing character: There is no Î» in font nullfont!
Missing character: There is no Î¿ in font nullfont!
Missing character: There is no Î³ in font nullfont!
Missing character: There is no Î¯ in font nullfont!
Missing character: There is no Î± in font nullfont!
Missing character: There is no Ï‚ in font nullfont!
Missing character: There is no Î¥ in font nullfont!
Missing character: There is no Ï€ in font nullfont!
Missing character: There is no Î¿ in font nullfont!
Missing character: There is no Î» in font nullfont!
Missing character: There is no Î¿ in font nullfont!
Missing character: There is no Î³ in font nullfont!
Missing character: There is no Î¹ in font nullfont!
Missing character: There is no Ïƒ in font nullfont!
Missing character: There is no Ï„ in font nullfont!
Missing character: There is no Ï in font nullfont!
Missing character: There is no Î½ in font nullfont!
Missing character: There is no Îœ in font nullfont!
Missing character: There is no Ï€ in font nullfont!
Missing character: There is no ÏŒ in font nullfont!
Missing character: There is no Ï‡ in font nullfont!
Missing character: There is no Î± in font nullfont!
Missing character: There is no Î» in font nullfont!
Missing character: There is no Î· in font nullfont!
Missing character: There is no Ï‚ in font nullfont!
Missing character: There is no Î§ in font nullfont!
Missing character: There is no Ï in font nullfont!
Missing character: There is no Î¹ in font nullfont!
Missing character: There is no Ïƒ in font nullfont!
Missing character: There is no Ï„ in font nullfont!
Missing character: There is no ÏŒ in font nullfont!
Missing character: There is no Î´ in font nullfont!
Missing character: There is no Î¿ in font nullfont!
Missing character: There is no Ï… in font nullfont!
Missing character: There is no Î» in font nullfont!
Missing character: There is no Î¿ in font nullfont!
Missing character: There is no Ï‚ in font nullfont!
Missing character: There is no Ï„ in font nullfont!
Missing character: There is no Î¿ in font nullfont!
Missing character: There is no Ï… in font nullfont!
Missing character: There is no Îš in font nullfont!
Missing character: There is no Ï‰ in font nullfont!
Missing character: There is no Î½ in font nullfont!
Missing character: There is no Ïƒ in font nullfont!
Missing character: There is no Ï„ in font nullfont!
Missing character: There is no Î± in font nullfont!
Missing character: There is no Î½ in font nullfont!
Missing character: There is no Ï„ in font nullfont!
Missing character: There is no Î¯ in font nullfont!
Missing character: There is no Î½ in font nullfont!
Missing character: There is no Î¿ in font nullfont!
Missing character: There is no Ï… in font nullfont!
Missing character: There is no Î‘ in font nullfont!
Missing character: There is no Ï in font nullfont!
Missing character: There is no Î¹ in font nullfont!
Missing character: There is no Î¸ in font nullfont!
Missing character: There is no Î¼ in font nullfont!
Missing character: There is no ÏŒ in font nullfont!
Missing character: There is no Ï‚ in font nullfont!
Missing character: There is no Îœ in font nullfont!
Missing character: There is no Î· in font nullfont!
Missing character: There is no Ï„ in font nullfont!
Missing character: There is no Ï in font nullfont!
Missing character: There is no Ï in font nullfont!
Missing character: There is no Î¿ in font nullfont!
Missing character: There is no Ï… in font nullfont!
Missing character: There is no : in font nullfont!
Missing character: There is no 7 in font nullfont!
Missing character: There is no 0 in font nullfont!
Missing character: There is no 7 in font nullfont!
Missing character: There is no 0 in font nullfont!
Missing character: There is no Î¦ in font nullfont!
Missing character: There is no Î± in font nullfont!
Missing character: There is no Ï„ in font nullfont!
Missing character: There is no Î¿ in font nullfont!
Missing character: There is no Ï in font nullfont!
Missing character: There is no Ï in font nullfont!
Missing character: There is no Î¿ in font nullfont!
Missing character: There is no Ï‚ in font nullfont!
Missing character: There is no ÎŸ in font nullfont!
Missing character: There is no Î´ in font nullfont!
Missing character: There is no Ï… in font nullfont!
Missing character: There is no Ïƒ in font nullfont!
Missing character: There is no Ïƒ in font nullfont!
Missing character: There is no Î­ in font nullfont!
Missing character: There is no Î± in font nullfont!
Missing character: There is no Ï‚ in font nullfont!
Missing character: There is no Ï„ in font nullfont!
Missing character: There is no Î¿ in font nullfont!
Missing character: There is no Ï… in font nullfont!
Missing character: There is no Î” in font nullfont!
Missing character: There is no Î· in font nullfont!
Missing character: There is no Î¼ in font nullfont!
Missing character: There is no Î· in font nullfont!
Missing character: There is no Ï„ in font nullfont!
Missing character: There is no Ï in font nullfont!
Missing character: There is no Î¯ in font nullfont!
Missing character: There is no Î¿ in font nullfont!
Missing character: There is no Ï… in font nullfont!
Missing character: There is no Î‘ in font nullfont!
Missing character: There is no Ï in font nullfont!
Missing character: There is no Î¹ in font nullfont!
Missing character: There is no Î¸ in font nullfont!
Missing character: There is no Î¼ in font nullfont!
Missing character: There is no ÏŒ in font nullfont!
Missing character: There is no Ï‚ in font nullfont!
Missing character: There is no Îœ in font nullfont!
Missing character: There is no Î· in font nullfont!
Missing character: There is no Ï„ in font nullfont!
Missing character: There is no Ï in font nullfont!
Missing character: There is no Ï in font nullfont!
Missing character: There is no Î¿ in font nullfont!
Missing character: There is no Ï… in font nullfont!
Missing character: There is no : in font nullfont!
Missing character: There is no 7 in font nullfont!
Missing character: There is no 1 in font nullfont!
Missing character: There is no 8 in font nullfont!
Missing character: There is no 2 in font nullfont!
Missing character: There is no Î  in font nullfont!
Missing character: There is no Î± in font nullfont!
Missing character: There is no Ï in font nullfont!
Missing character: There is no Î¿ in font nullfont!
Missing character: There is no Ï… in font nullfont!
Missing character: There is no Ïƒ in font nullfont!
Missing character: There is no Î¹ in font nullfont!
Missing character: There is no Î¬ in font nullfont!
Missing character: There is no Ïƒ in font nullfont!
Missing character: There is no Ï„ in font nullfont!
Missing character: There is no Î· in font nullfont!
Missing character: There is no Îº in font nullfont!
Missing character: There is no Îµ in font nullfont!
Missing character: There is no Î´ in font nullfont!
Missing character: There is no Î· in font nullfont!
Missing character: There is no Î¼ in font nullfont!
Missing character: There is no ÏŒ in font nullfont!
Missing character: There is no Ïƒ in font nullfont!
Missing character: There is no Î¹ in font nullfont!
Missing character: There is no Î± in font nullfont!
Missing character: There is no Îº in font nullfont!
Missing character: There is no Î± in font nullfont!
Missing character: There is no Î¹ in font nullfont!
Missing character: There is no Îµ in font nullfont!
Missing character: There is no Î¾ in font nullfont!
Missing character: There is no Îµ in font nullfont!
Missing character: There is no Ï„ in font nullfont!
Missing character: There is no Î¬ in font nullfont!
Missing character: There is no Ïƒ in font nullfont!
Missing character: There is no Ï„ in font nullfont!
Missing character: There is no Î· in font nullfont!
Missing character: There is no Îº in font nullfont!
Missing character: There is no Îµ in font nullfont!
Missing character: There is no Ïƒ in font nullfont!
Missing character: There is no Ï„ in font nullfont!
Missing character: There is no Î¿ in font nullfont!
Missing character: There is no Î¤ in font nullfont!
Missing character: There is no Î¼ in font nullfont!
Missing character: There is no Î® in font nullfont!
Missing character: There is no Î¼ in font nullfont!
Missing character: There is no Î± in font nullfont!
Missing character: There is no Î— in font nullfont!
Missing character: There is no Î» in font nullfont!
Missing character: There is no Îµ in font nullfont!
Missing character: There is no Îº in font nullfont!
Missing character: There is no Ï„ in font nullfont!
Missing character: There is no Ï in font nullfont!
Missing character: There is no Î¿ in font nullfont!
Missing character: There is no Î» in font nullfont!
Missing character: There is no ÏŒ in font nullfont!
Missing character: There is no Î³ in font nullfont!
Missing character: There is no Ï‰ in font nullfont!
Missing character: There is no Î½ in font nullfont!
Missing character: There is no Îœ in font nullfont!
Missing character: There is no Î· in font nullfont!
Missing character: There is no Ï‡ in font nullfont!
Missing character: There is no Î± in font nullfont!
Missing character: There is no Î½ in font nullfont!
Missing character: There is no Î¹ in font nullfont!
Missing character: There is no Îº in font nullfont!
Missing character: There is no Ï in font nullfont!
Missing character: There is no Î½ in font nullfont!
Missing character: There is no Îº in font nullfont!
Missing character: There is no Î± in font nullfont!
Missing character: There is no Î¹ in font nullfont!
Missing character: There is no Î¤ in font nullfont!
Missing character: There is no Îµ in font nullfont!
Missing character: There is no Ï‡ in font nullfont!
Missing character: There is no Î½ in font nullfont!
Missing character: There is no Î¿ in font nullfont!
Missing character: There is no Î» in font nullfont!
Missing character: There is no Î¿ in font nullfont!
Missing character: There is no Î³ in font nullfont!
Missing character: There is no Î¯ in font nullfont!
Missing character: There is no Î± in font nullfont!
Missing character: There is no Ï‚ in font nullfont!
Missing character: There is no Î¥ in font nullfont!
Missing character: There is no Ï€ in font nullfont!
Missing character: There is no Î¿ in font nullfont!
Missing character: There is no Î» in font nullfont!
Missing character: There is no Î¿ in font nullfont!
Missing character: There is no Î³ in font nullfont!
Missing character: There is no Î¹ in font nullfont!
Missing character: There is no Ïƒ in font nullfont!
Missing character: There is no Ï„ in font nullfont!
Missing character: There is no Ï in font nullfont!
Missing character: There is no Î½ in font nullfont!
Missing character: There is no Ïƒ in font nullfont!
Missing character: There is no Ï„ in font nullfont!
Missing character: There is no Î¹ in font nullfont!
Missing character: There is no Ï‚ in font nullfont!
Missing character: There is no 1 in font nullfont!
Missing character: There is no 4 in font nullfont!
Missing character: There is no / in font nullfont!
Missing character: There is no 1 in font nullfont!
Missing character: There is no 0 in font nullfont!
Missing character: There is no / in font nullfont!
Missing character: There is no 2 in font nullfont!
Missing character: There is no 0 in font nullfont!
Missing character: There is no 1 in font nullfont!
Missing character: There is no 5 in font nullfont!
Missing character: There is no ÎŸ in font nullfont!
Missing character: There is no Î• in font nullfont!
Missing character: There is no Ï€ in font nullfont!
Missing character: There is no Î¹ in font nullfont!
Missing character: There is no Î² in font nullfont!
Missing character: There is no Î» in font nullfont!
Missing character: There is no Î­ in font nullfont!
Missing character: There is no Ï€ in font nullfont!
Missing character: There is no Ï‰ in font nullfont!
Missing character: There is no Î½ in font nullfont!
Missing character: There is no Îš in font nullfont!
Missing character: There is no Î± in font nullfont!
Missing character: There is no Î¸ in font nullfont!
Missing character: There is no Î· in font nullfont!
Missing character: There is no Î³ in font nullfont!
Missing character: There is no Î· in font nullfont!
Missing character: There is no Ï„ in font nullfont!
Missing character: There is no Î® in font nullfont!
Missing character: There is no Ï‚ in font nullfont!
Missing character: There is no Î¤ in font nullfont!
Missing character: There is no Î¶ in font nullfont!
Missing character: There is no Îµ in font nullfont!
Missing character: There is no Ï‚ in font nullfont!
Missing character: There is no Î‘ in font nullfont!
Missing character: There is no Î½ in font nullfont!
Missing character: There is no Ï„ in font nullfont!
Missing character: There is no Ï in font nullfont!
Missing character: There is no Î½ in font nullfont!
Missing character: There is no Î¹ in font nullfont!
Missing character: There is no Î¿ in font nullfont!
Missing character: There is no Ï‚ in font nullfont!
LaTeX Font Info:    External font `cmex10' loaded for size
(Font)              <7> on input line 34.
LaTeX Font Info:    External font `cmex10' loaded for size
(Font)              <5> on input line 34.
Missing character: There is no ÎŸ in font nullfont!
Missing character: There is no Î” in font nullfont!
Missing character: There is no Î¹ in font nullfont!
Missing character: There is no Îµ in font nullfont!
Missing character: There is no Ï… in font nullfont!
Missing character: There is no Î¸ in font nullfont!
Missing character: There is no Ï… in font nullfont!
Missing character: There is no Î½ in font nullfont!
Missing character: There is no Ï„ in font nullfont!
Missing character: There is no Î® in font nullfont!
Missing character: There is no Ï‚ in font nullfont!
Missing character: There is no Ï„ in font nullfont!
Missing character: There is no Î¿ in font nullfont!
Missing character: There is no Ï… in font nullfont!
Missing character: There is no Î¤ in font nullfont!
Missing character: There is no Î¿ in font nullfont!
Missing character: There is no Î¼ in font nullfont!
Missing character: There is no Î­ in font nullfont!
Missing character: There is no Î± in font nullfont!
Missing character: There is no Îš in font nullfont!
Missing character: There is no Î± in font nullfont!
Missing character: There is no Î¸ in font nullfont!
Missing character: There is no Î· in font nullfont!
Missing character: There is no Î³ in font nullfont!
Missing character: There is no Î· in font nullfont!
Missing character: There is no Ï„ in font nullfont!
Missing character: There is no Î® in font nullfont!
Missing character: There is no Ï‚ in font nullfont!
Missing character: There is no Îš in font nullfont!
Missing character: There is no Î¿ in font nullfont!
Missing character: There is no Ï in font nullfont!
Missing character: There is no Ïƒ in font nullfont!
Missing character: There is no Î¿ in font nullfont!
Missing character: There is no Ï… in font nullfont!
Missing character: There is no Î» in font nullfont!
Missing character: There is no Î± in font nullfont!
Missing character: There is no Ï‚ in font nullfont!
Missing character: There is no Î in font nullfont!
Missing character: There is no Î¹ in font nullfont!
Missing character: There is no Îº in font nullfont!
Missing character: There is no ÏŒ in font nullfont!
Missing character: There is no Î» in font nullfont!
Missing character: There is no Î± in font nullfont!
Missing character: There is no Î¿ in font nullfont!
Missing character: There is no Ï‚ in font nullfont!

Overfull \hbox (3686.37498pt too wide) in paragraph at lines 28--42
 []$[]$ 
 []


Overfull \hbox (3686.37498pt too wide) in paragraph at lines 28--42
 []$ 
 []


! LaTeX Error: The font size command \normalsize is not defined:
               there is probably something wrong with the class file.

See the LaTeX manual or LaTeX Companion for explanation.
Type  H <return>  for immediate help.
 ...                                              
                                                  
l.45 \newpage
              \thispagestyle{empty} \mbox{}
Your command was ignored.
Type  I <command> <return>  to replace it with another command,
or  <return>  to continue without it.

[1]
Overfull \hbox (20.0pt too wide) in paragraph at lines 45--46
[][] 
 []


! LaTeX Error: The font size command \normalsize is not defined:
               there is probably something wrong with the class file.

See the LaTeX manual or LaTeX Companion for explanation.
Type  H <return>  for immediate help.
 ...                                              
                                                  
l.46 \newpage
             
Your command was ignored.
Type  I <command> <return>  to replace it with another command,
or  <return>  to continue without it.

[2]
! Undefined control sequence.
l.47 {\large
             \textbf{Î‘ÏÎ¹Î¸Î¼ÏŒÏ‚ Î”Î¹Ï€Î»Ï‰Î¼Î±Ï„Î¹ÎºÎ®Ï‚ Î•ÏÎ³Î±ÏƒÎ¯Î±Ï...
The control sequence at the end of the top line
of your error message was never \def'ed. If you have
misspelled it (e.g., `\hobx'), type `I' and the correct
spelling (e.g., `I\hbox'). Otherwise just continue,
and I'll forget about whatever was undefined.

Missing character: There is no Ï in font [lmroman10-bold]:mapping=tex-text;!
Missing character: There is no Î¹ in font [lmroman10-bold]:mapping=tex-text;!
Missing character: There is no Î¸ in font [lmroman10-bold]:mapping=tex-text;!
Missing character: There is no Î¼ in font [lmroman10-bold]:mapping=tex-text;!
Missing character: There is no ÏŒ in font [lmroman10-bold]:mapping=tex-text;!
Missing character: There is no Ï‚ in font [lmroman10-bold]:mapping=tex-text;!
Missing character: There is no Î¹ in font [lmroman10-bold]:mapping=tex-text;!
Missing character: There is no Ï€ in font [lmroman10-bold]:mapping=tex-text;!
Missing character: There is no Î» in font [lmroman10-bold]:mapping=tex-text;!
Missing character: There is no Ï‰ in font [lmroman10-bold]:mapping=tex-text;!
Missing character: There is no Î¼ in font [lmroman10-bold]:mapping=tex-text;!
Missing character: There is no Î± in font [lmroman10-bold]:mapping=tex-text;!
Missing character: There is no Ï„ in font [lmroman10-bold]:mapping=tex-text;!
Missing character: There is no Î¹ in font [lmroman10-bold]:mapping=tex-text;!
Missing character: There is no Îº in font [lmroman10-bold]:mapping=tex-text;!
Missing character: There is no Î® in font [lmroman10-bold]:mapping=tex-text;!
Missing character: There is no Ï‚ in font [lmroman10-bold]:mapping=tex-text;!
Missing character: There is no Ï in font [lmroman10-bold]:mapping=tex-text;!
Missing character: There is no Î³ in font [lmroman10-bold]:mapping=tex-text;!
Missing character: There is no Î± in font [lmroman10-bold]:mapping=tex-text;!
Missing character: There is no Ïƒ in font [lmroman10-bold]:mapping=tex-text;!
Missing character: There is no Î¯ in font [lmroman10-bold]:mapping=tex-text;!
Missing character: There is no Î± in font [lmroman10-bold]:mapping=tex-text;!
Missing character: There is no Ï‚ in font [lmroman10-bold]:mapping=tex-text;!
Missing character: There is no 2 in font nullfont!
Missing character: There is no 2 in font nullfont!
Missing character: There is no 7 in font nullfont!
Missing character: There is no 0 in font nullfont!
Missing character: There is no 7 in font nullfont!
Missing character: There is no 0 in font nullfont!
Missing character: There is no - in font nullfont!
Missing character: There is no 2 in font nullfont!
Missing character: There is no 2 in font nullfont!
Missing character: There is no 7 in font nullfont!
Missing character: There is no 1 in font nullfont!
Missing character: There is no 8 in font nullfont!
Missing character: There is no 2 in font nullfont!
Missing character: There is no / in font nullfont!
Missing character: There is no 2 in font nullfont!
Missing character: There is no 0 in font nullfont!
Missing character: There is no 1 in font nullfont!
Missing character: There is no 5 in font nullfont!
Missing character: There is no Î­ in font [lmroman10-bold]:mapping=tex-text;!
Missing character: There is no Î¼ in font [lmroman10-bold]:mapping=tex-text;!
Missing character: There is no Î± in font [lmroman10-bold]:mapping=tex-text;!
Missing character: There is no Îˆ in font [lmroman10-bold]:mapping=tex-text;!
Missing character: There is no Î» in font [lmroman10-bold]:mapping=tex-text;!
Missing character: There is no Îµ in font [lmroman10-bold]:mapping=tex-text;!
Missing character: There is no Î³ in font [lmroman10-bold]:mapping=tex-text;!
Missing character: There is no Ï‡ in font [lmroman10-bold]:mapping=tex-text;!
Missing character: There is no Î¿ in font [lmroman10-bold]:mapping=tex-text;!
Missing character: There is no Ï‚ in font [lmroman10-bold]:mapping=tex-text;!
Missing character: There is no Îµ in font [lmroman10-bold]:mapping=tex-text;!
Missing character: There is no Ïƒ in font [lmroman10-bold]:mapping=tex-text;!
Missing character: There is no Î· in font [lmroman10-bold]:mapping=tex-text;!
Missing character: There is no Ï‚ in font [lmroman10-bold]:mapping=tex-text;!
Missing character: There is no Îº in font [lmroman10-bold]:mapping=tex-text;!
Missing character: There is no Î± in font [lmroman10-bold]:mapping=tex-text;!
Missing character: There is no Î¹ in font [lmroman10-bold]:mapping=tex-text;!
Missing character: There is no Ï in font [lmroman10-bold]:mapping=tex-text;!
Missing character: There is no Î¿ in font [lmroman10-bold]:mapping=tex-text;!
Missing character: There is no Ïƒ in font [lmroman10-bold]:mapping=tex-text;!
Missing character: There is no Î± in font [lmroman10-bold]:mapping=tex-text;!
Missing character: There is no Î½ in font [lmroman10-bold]:mapping=tex-text;!
Missing character: There is no Î± in font [lmroman10-bold]:mapping=tex-text;!
Missing character: There is no Ï„ in font [lmroman10-bold]:mapping=tex-text;!
Missing character: There is no Î¿ in font [lmroman10-bold]:mapping=tex-text;!
Missing character: There is no Î» in font [lmroman10-bold]:mapping=tex-text;!
Missing character: There is no Î¹ in font [lmroman10-bold]:mapping=tex-text;!
Missing character: There is no Ïƒ in font [lmroman10-bold]:mapping=tex-text;!
Missing character: There is no Î¼ in font [lmroman10-bold]:mapping=tex-text;!
Missing character: There is no Î¿ in font [lmroman10-bold]:mapping=tex-text;!
Missing character: There is no Ï in font [lmroman10-bold]:mapping=tex-text;!
Missing character: There is no Î» in font [lmroman10-bold]:mapping=tex-text;!
Missing character: There is no Î¿ in font [lmroman10-bold]:mapping=tex-text;!
Missing character: There is no Î¯ in font [lmroman10-bold]:mapping=tex-text;!
Missing character: There is no Î¿ in font [lmroman10-bold]:mapping=tex-text;!
Missing character: There is no Ï… in font [lmroman10-bold]:mapping=tex-text;!
Missing character: There is no Ïƒ in font [lmroman10-bold]:mapping=tex-text;!
Missing character: There is no Îµ in font [lmroman10-bold]:mapping=tex-text;!
Missing character: There is no Îµ in font [lmroman10-bold]:mapping=tex-text;!
Missing character: There is no Ï in font [lmroman10-bold]:mapping=tex-text;!
Missing character: There is no Î¹ in font [lmroman10-bold]:mapping=tex-text;!
Missing character: There is no Î¿ in font [lmroman10-bold]:mapping=tex-text;!
Missing character: There is no Ï in font [lmroman10-bold]:mapping=tex-text;!
Missing character: There is no Î¹ in font [lmroman10-bold]:mapping=tex-text;!
Missing character: There is no Ïƒ in font [lmroman10-bold]:mapping=tex-text;!
Missing character: There is no Î¼ in font [lmroman10-bold]:mapping=tex-text;!
Missing character: There is no Î­ in font [lmroman10-bold]:mapping=tex-text;!
Missing character: There is no Î½ in font [lmroman10-bold]:mapping=tex-text;!
Missing character: There is no Î¿ in font [lmroman10-bold]:mapping=tex-text;!
Missing character: There is no Ï… in font [lmroman10-bold]:mapping=tex-text;!
Missing character: There is no Ï‚ in font [lmroman10-bold]:mapping=tex-text;!
Missing character: There is no Ï in font [lmroman10-bold]:mapping=tex-text;!
Missing character: There is no Ï in font [lmroman10-bold]:mapping=tex-text;!
Missing character: There is no Î¿ in font [lmroman10-bold]:mapping=tex-text;!
Missing character: There is no Ï… in font [lmroman10-bold]:mapping=tex-text;!
Missing character: There is no Ï‚ in font [lmroman10-bold]:mapping=tex-text;!

Overfull \hbox (45.49pt too wide) in paragraph at lines 47--49
[]\TU/lmr/bx/n/10 Î‘ÏÎ¹Î¸Î¼ÏŒÏ‚
 []


Overfull \hbox (40.38pt too wide) in paragraph at lines 47--49
\TU/lmr/bx/n/10 Î”Î¹Ï€Î»Ï‰Î¼Î±Ï„Î¹ÎºÎ®Ï‚
 []


Overfull \hbox (30.35pt too wide) in paragraph at lines 47--49
\TU/lmr/bx/n/10 Î•ÏÎ³Î±ÏƒÎ¯Î±Ï‚: 
 []


Overfull \hbox (20.53pt too wide) in paragraph at lines 47--49
\TU/lmr/bx/n/10 Î˜Î­Î¼Î±:
 []


Overfull \hbox (24.36pt too wide) in paragraph at lines 47--49
\TU/lmr/bx/n/10 ÎˆÎ»ÎµÎ³Ï‡Î¿Ï‚
 []


Overfull \hbox (20.14pt too wide) in paragraph at lines 47--49
\TU/lmr/bx/n/10 Î˜ÎµÏƒÎ·Ï‚
 []


Overfull \hbox (8.4pt too wide) in paragraph at lines 47--49
\TU/lmr/bx/n/10 ÎºÎ±Î¹
 []


Overfull \hbox (48.2pt too wide) in paragraph at lines 47--49
\TU/lmr/bx/n/10 Î ÏÎ¿ÏƒÎ±Î½Î±Ï„Î¿Î»Î¹ÏƒÎ¼Î¿Ï
 []


Overfull \hbox (23.0pt too wide) in paragraph at lines 47--49
\TU/lmr/bx/n/10 Î Î»Î¿Î¯Î¿Ï…
 []


Overfull \hbox (5.6pt too wide) in paragraph at lines 47--49
\TU/lmr/bx/n/10 ÏƒÎµ
 []


Overfull \hbox (45.40001pt too wide) in paragraph at lines 47--49
\TU/lmr/bx/n/10 Î ÎµÏÎ¹Î¿ÏÎ¹ÏƒÎ¼Î­Î½Î¿Ï…Ï‚
 []


Overfull \hbox (22.69pt too wide) in paragraph at lines 47--49
\TU/lmr/bx/n/10 Î§ÏÏÎ¿Ï…Ï‚
 []

Missing character: There is no Î¦ in font nullfont!
Missing character: There is no Î¿ in font nullfont!
Missing character: There is no Î¹ in font nullfont!
Missing character: There is no Ï„ in font nullfont!
Missing character: There is no Î· in font nullfont!
Missing character: There is no Ï„ in font nullfont!
Missing character: There is no Î­ in font nullfont!
Missing character: There is no Ï‚ in font nullfont!
Missing character: There is no Îœ in font nullfont!
Missing character: There is no Ï€ in font nullfont!
Missing character: There is no ÏŒ in font nullfont!
Missing character: There is no Ï‡ in font nullfont!
Missing character: There is no Î± in font nullfont!
Missing character: There is no Î» in font nullfont!
Missing character: There is no Î· in font nullfont!
Missing character: There is no Ï‚ in font nullfont!
Missing character: There is no Î§ in font nullfont!
Missing character: There is no Ï in font nullfont!
Missing character: There is no Î¹ in font nullfont!
Missing character: There is no Ïƒ in font nullfont!
Missing character: There is no Ï„ in font nullfont!
Missing character: There is no ÏŒ in font nullfont!
Missing character: There is no Î´ in font nullfont!
Missing character: There is no Î¿ in font nullfont!
Missing character: There is no Ï… in font nullfont!
Missing character: There is no Î» in font nullfont!
Missing character: There is no Î¿ in font nullfont!
Missing character: There is no Ï‚ in font nullfont!
Missing character: There is no Ï„ in font nullfont!
Missing character: There is no Î¿ in font nullfont!
Missing character: There is no Ï… in font nullfont!
Missing character: There is no Îš in font nullfont!
Missing character: There is no . in font nullfont!
Missing character: There is no Î¦ in font nullfont!
Missing character: There is no Î± in font nullfont!
Missing character: There is no Ï„ in font nullfont!
Missing character: There is no Î¿ in font nullfont!
Missing character: There is no Ï in font nullfont!
Missing character: There is no Ï in font nullfont!
Missing character: There is no Î¿ in font nullfont!
Missing character: There is no Ï‚ in font nullfont!
Missing character: There is no ÎŸ in font nullfont!
Missing character: There is no Î´ in font nullfont!
Missing character: There is no Ï… in font nullfont!
Missing character: There is no Ïƒ in font nullfont!
Missing character: There is no Ïƒ in font nullfont!
Missing character: There is no Î­ in font nullfont!
Missing character: There is no Î± in font nullfont!
Missing character: There is no Ï‚ in font nullfont!
Missing character: There is no Ï„ in font nullfont!
Missing character: There is no Î¿ in font nullfont!
Missing character: There is no Ï… in font nullfont!
Missing character: There is no Î” in font nullfont!
Missing character: There is no . in font nullfont!
Missing character: There is no Î• in font nullfont!
Missing character: There is no Ï€ in font nullfont!
Missing character: There is no Î¹ in font nullfont!
Missing character: There is no Î² in font nullfont!
Missing character: There is no Î» in font nullfont!
Missing character: There is no Î­ in font nullfont!
Missing character: There is no Ï€ in font nullfont!
Missing character: There is no Ï‰ in font nullfont!
Missing character: There is no Î½ in font nullfont!
Missing character: There is no Îš in font nullfont!
Missing character: There is no Î± in font nullfont!
Missing character: There is no Î¸ in font nullfont!
Missing character: There is no Î· in font nullfont!
Missing character: There is no Î³ in font nullfont!
Missing character: There is no Î· in font nullfont!
Missing character: There is no Ï„ in font nullfont!
Missing character: There is no Î® in font nullfont!
Missing character: There is no Ï‚ in font nullfont!
Missing character: There is no Î‘ in font nullfont!
Missing character: There is no Î½ in font nullfont!
Missing character: There is no Ï„ in font nullfont!
Missing character: There is no Ï in font nullfont!
Missing character: There is no Î½ in font nullfont!
Missing character: There is no Î¹ in font nullfont!
Missing character: There is no Î¿ in font nullfont!
Missing character: There is no Ï‚ in font nullfont!
Missing character: There is no Î¤ in font nullfont!
Missing character: There is no Î¶ in font nullfont!
Missing character: There is no Îµ in font nullfont!
Missing character: There is no Ï‚ in font nullfont!

Overfull \hbox (4115.99998pt too wide) in paragraph at lines 50--64
[]$[]$
 []


Overfull \hbox (4095.99998pt too wide) in paragraph at lines 50--64
[]$ 
 []


! LaTeX Error: The font size command \normalsize is not defined:
               there is probably something wrong with the class file.

See the LaTeX manual or LaTeX Companion for explanation.
Type  H <return>  for immediate help.
 ...                                              
                                                  
l.65 \newpage
              \thispagestyle{empty} \mbox{}
Your command was ignored.
Type  I <command> <return>  to replace it with another command,
or  <return>  to continue without it.

[3])
! Emergency stop.
<*> verifyPage.tex
                  
*** (job aborted, no legal \end found)

 
Here is how much of TeX's memory you used:
 14 strings out of 493007
 269 string characters out of 6136719
 63821 words of memory out of 5000000
 4080 multiletter control sequences out of 15000+600000
 3656 words of font info for 16 fonts, out of 8000000 for 9000
 1348 hyphenation exceptions out of 8191
 20i,4n,18p,124b,175s stack positions out of 5000i,500n,10000p,200000b,80000s
Output written on verifyPage.pdf (3 pages).
